============================================================
  Generated by:           Genus(TM) Synthesis Solution 23.11-s100_1
  Generated on:           Dec 25 2025  10:45:05 am
  Module:                 rv32i_superscalar_core
  Operating conditions:   tt0p8v25c 
  Interconnect mode:      global
  Area mode:              physical library
============================================================

                                                
           Gate            Instances    Area                    Library                
---------------------------------------------------------------------------------------
AN2D0BWP16P90LVT                   1      0.259    tcbn16ffcllbwp16p90lvttt0p8v25c_ccs 
AN2D0P75BWP16P90LVT                2      0.518    tcbn16ffcllbwp16p90lvttt0p8v25c_ccs 
AN2D1BWP16P90LVT                1261    326.851    tcbn16ffcllbwp16p90lvttt0p8v25c_ccs 
AN2D2BWP16P90LVT                  44     13.686    tcbn16ffcllbwp16p90lvttt0p8v25c_ccs 
AN2D3BWP16P90LVT                  14      5.080    tcbn16ffcllbwp16p90lvttt0p8v25c_ccs 
AN2D4BWP16P90LVT                  42     21.773    tcbn16ffcllbwp16p90lvttt0p8v25c_ccs 
AN2D8BWP16P90LVT                   5      4.147    tcbn16ffcllbwp16p90lvttt0p8v25c_ccs 
AN3D0BWP16P90LVT                   1      0.311    tcbn16ffcllbwp16p90lvttt0p8v25c_ccs 
AN3D1BWP16P90LVT                 165     51.322    tcbn16ffcllbwp16p90lvttt0p8v25c_ccs 
AN3D2BWP16P90LVT                  11      3.992    tcbn16ffcllbwp16p90lvttt0p8v25c_ccs 
AN3D4BWP16P90LVT                  10      6.221    tcbn16ffcllbwp16p90lvttt0p8v25c_ccs 
AN3D6BWP16P90LVT                   2      1.452    tcbn16ffcllbwp16p90lvttt0p8v25c_ccs 
AN4D0BWP16P90LVT                 193     70.036    tcbn16ffcllbwp16p90lvttt0p8v25c_ccs 
AN4D0P75BWP16P90LVT                1      0.363    tcbn16ffcllbwp16p90lvttt0p8v25c_ccs 
AN4D1BWP16P90LVT                 564    204.664    tcbn16ffcllbwp16p90lvttt0p8v25c_ccs 
AN4D2BWP16P90LVT                  14      5.806    tcbn16ffcllbwp16p90lvttt0p8v25c_ccs 
AN4D3BWP16P90LVT                  27     19.596    tcbn16ffcllbwp16p90lvttt0p8v25c_ccs 
AO21D0BWP16P90LVT                 15      4.666    tcbn16ffcllbwp16p90lvttt0p8v25c_ccs 
AO21D1BWP16P90LVT               1843    573.247    tcbn16ffcllbwp16p90lvttt0p8v25c_ccs 
AO21D2BWP16P90LVT                 47     17.055    tcbn16ffcllbwp16p90lvttt0p8v25c_ccs 
AO21D4BWP16P90LVT                 14      6.532    tcbn16ffcllbwp16p90lvttt0p8v25c_ccs 
AO22D0BWP16P90LVT                  1      0.467    tcbn16ffcllbwp16p90lvttt0p8v25c_ccs 
AO22D1BWP16P90LVT                733    341.988    tcbn16ffcllbwp16p90lvttt0p8v25c_ccs 
AO22D2BWP16P90LVT                  7      3.629    tcbn16ffcllbwp16p90lvttt0p8v25c_ccs 
AO22D4BWP16P90LVT                  1      0.622    tcbn16ffcllbwp16p90lvttt0p8v25c_ccs 
AOAI211D0BWP16P90LVT               3      1.244    tcbn16ffcllbwp16p90lvttt0p8v25c_ccs 
AOAI211D1BWP16P90LVT             449    186.209    tcbn16ffcllbwp16p90lvttt0p8v25c_ccs 
AOAI211D2BWP16P90LVT              11      6.843    tcbn16ffcllbwp16p90lvttt0p8v25c_ccs 
AOAI211D4BWP16P90LVT              11     10.835    tcbn16ffcllbwp16p90lvttt0p8v25c_ccs 
AOI211D1BWP16P90LVT              171     53.188    tcbn16ffcllbwp16p90lvttt0p8v25c_ccs 
AOI211D2BWP16P90LVT               15      7.776    tcbn16ffcllbwp16p90lvttt0p8v25c_ccs 
AOI211OPTPBD1BWP16P90LVT           3      1.400    tcbn16ffcllbwp16p90lvttt0p8v25c_ccs 
AOI211SKND1BWP16P90LVT           581    180.714    tcbn16ffcllbwp16p90lvttt0p8v25c_ccs 
AOI211SKPD0P75BWP16P90LVT          4      1.244    tcbn16ffcllbwp16p90lvttt0p8v25c_ccs 
AOI211SKPD1BWP16P90LVT           363    112.908    tcbn16ffcllbwp16p90lvttt0p8v25c_ccs 
AOI211SKPD3BWP16P90LVT             2      1.452    tcbn16ffcllbwp16p90lvttt0p8v25c_ccs 
AOI211SKPD6BWP16P90LVT             1      1.348    tcbn16ffcllbwp16p90lvttt0p8v25c_ccs 
AOI21D0BWP16P90LVT                12      3.110    tcbn16ffcllbwp16p90lvttt0p8v25c_ccs 
AOI21D0P75BWP16P90LVT              1      0.259    tcbn16ffcllbwp16p90lvttt0p8v25c_ccs 
AOI21D1BWP16P90LVT               344     89.165    tcbn16ffcllbwp16p90lvttt0p8v25c_ccs 
AOI21D2BWP16P90LVT                77     31.933    tcbn16ffcllbwp16p90lvttt0p8v25c_ccs 
AOI21D3BWP16P90LVT                25     14.256    tcbn16ffcllbwp16p90lvttt0p8v25c_ccs 
AOI21D4BWP16P90LVT                28     20.321    tcbn16ffcllbwp16p90lvttt0p8v25c_ccs 
AOI21D6BWP16P90LVT                 9      9.331    tcbn16ffcllbwp16p90lvttt0p8v25c_ccs 
AOI21D8BWP16P90LVT                 4      5.391    tcbn16ffcllbwp16p90lvttt0p8v25c_ccs 
AOI21OPTPBD12BWP16P90LVT           1      2.177    tcbn16ffcllbwp16p90lvttt0p8v25c_ccs 
AOI21OPTPBD1BWP16P90LVT           10      3.629    tcbn16ffcllbwp16p90lvttt0p8v25c_ccs 
AOI21OPTPBD2BWP16P90LVT           10      5.184    tcbn16ffcllbwp16p90lvttt0p8v25c_ccs 
AOI21OPTPBD4BWP16P90LVT            5      4.406    tcbn16ffcllbwp16p90lvttt0p8v25c_ccs 
AOI21OPTPBD6BWP16P90LVT            1      1.192    tcbn16ffcllbwp16p90lvttt0p8v25c_ccs 
AOI21OPTPBD8BWP16P90LVT            1      1.555    tcbn16ffcllbwp16p90lvttt0p8v25c_ccs 
AOI21SKND1BWP16P90LVT            748    193.882    tcbn16ffcllbwp16p90lvttt0p8v25c_ccs 
AOI21SKND2BWP16P90LVT             18      7.465    tcbn16ffcllbwp16p90lvttt0p8v25c_ccs 
AOI21SKND3BWP16P90LVT              5      2.851    tcbn16ffcllbwp16p90lvttt0p8v25c_ccs 
AOI21SKND4BWP16P90LVT              5      3.629    tcbn16ffcllbwp16p90lvttt0p8v25c_ccs 
AOI21SKND6BWP16P90LVT              2      2.074    tcbn16ffcllbwp16p90lvttt0p8v25c_ccs 
AOI21SKND8BWP16P90LVT              1      1.348    tcbn16ffcllbwp16p90lvttt0p8v25c_ccs 
AOI21SKPD0P75BWP16P90LVT          13      3.370    tcbn16ffcllbwp16p90lvttt0p8v25c_ccs 
AOI21SKPD1BWP16P90LVT            422    109.382    tcbn16ffcllbwp16p90lvttt0p8v25c_ccs 
AOI21SKPD4BWP16P90LVT              8      5.806    tcbn16ffcllbwp16p90lvttt0p8v25c_ccs 
AOI221D0BWP16P90LVT               10      4.666    tcbn16ffcllbwp16p90lvttt0p8v25c_ccs 
AOI221D1BWP16P90LVT             4008   1869.972    tcbn16ffcllbwp16p90lvttt0p8v25c_ccs 
AOI221D2BWP16P90LVT               11      8.554    tcbn16ffcllbwp16p90lvttt0p8v25c_ccs 
AOI222D0BWP16P90LVT               26     13.478    tcbn16ffcllbwp16p90lvttt0p8v25c_ccs 
AOI222D1BWP16P90LVT            10308   5343.667    tcbn16ffcllbwp16p90lvttt0p8v25c_ccs 
AOI222D2BWP16P90LVT               13     11.457    tcbn16ffcllbwp16p90lvttt0p8v25c_ccs 
AOI22D0BWP16P90LVT              1773    551.474    tcbn16ffcllbwp16p90lvttt0p8v25c_ccs 
AOI22D0P75BWP16P90LVT              2      0.622    tcbn16ffcllbwp16p90lvttt0p8v25c_ccs 
AOI22D1BWP16P90LVT              5610   1744.934    tcbn16ffcllbwp16p90lvttt0p8v25c_ccs 
AOI22D1P5BWP16P90LVT               3      1.555    tcbn16ffcllbwp16p90lvttt0p8v25c_ccs 
AOI22D2BWP16P90LVT                23     11.923    tcbn16ffcllbwp16p90lvttt0p8v25c_ccs 
AOI22D3BWP16P90LVT                21     15.241    tcbn16ffcllbwp16p90lvttt0p8v25c_ccs 
AOI22D4BWP16P90LVT                40     37.325    tcbn16ffcllbwp16p90lvttt0p8v25c_ccs 
AOI22D6BWP16P90LVT                12     16.174    tcbn16ffcllbwp16p90lvttt0p8v25c_ccs 
AOI22D8BWP16P90LVT                 1      1.763    tcbn16ffcllbwp16p90lvttt0p8v25c_ccs 
AOI22OPTPBD2BWP16P90LVT            4      2.696    tcbn16ffcllbwp16p90lvttt0p8v25c_ccs 
AOI22OPTPBD4BWP16P90LVT            1      1.140    tcbn16ffcllbwp16p90lvttt0p8v25c_ccs 
AOI22SKND1BWP16P90LVT           5234   1627.983    tcbn16ffcllbwp16p90lvttt0p8v25c_ccs 
AOI22SKND2BWP16P90LVT             10      5.184    tcbn16ffcllbwp16p90lvttt0p8v25c_ccs 
AOI22SKND3BWP16P90LVT              1      0.726    tcbn16ffcllbwp16p90lvttt0p8v25c_ccs 
AOI22SKND4BWP16P90LVT              7      6.532    tcbn16ffcllbwp16p90lvttt0p8v25c_ccs 
AOI22SKND6BWP16P90LVT              6      8.087    tcbn16ffcllbwp16p90lvttt0p8v25c_ccs 
AOI22SKND8BWP16P90LVT              1      1.763    tcbn16ffcllbwp16p90lvttt0p8v25c_ccs 
AOI22SKPD0P75BWP16P90LVT          10      3.110    tcbn16ffcllbwp16p90lvttt0p8v25c_ccs 
AOI22SKPD1BWP16P90LVT          19784   6153.615    tcbn16ffcllbwp16p90lvttt0p8v25c_ccs 
AOI22SKPD2BWP16P90LVT              2      1.037    tcbn16ffcllbwp16p90lvttt0p8v25c_ccs 
AOI22SKPD3BWP16P90LVT              6      4.355    tcbn16ffcllbwp16p90lvttt0p8v25c_ccs 
AOI22SKPD4BWP16P90LVT              1      0.933    tcbn16ffcllbwp16p90lvttt0p8v25c_ccs 
AOI22SKPD6BWP16P90LVT              2      2.696    tcbn16ffcllbwp16p90lvttt0p8v25c_ccs 
AOI31D0BWP16P90LVT                 4      1.244    tcbn16ffcllbwp16p90lvttt0p8v25c_ccs 
AOI31D1BWP16P90LVT                39     12.131    tcbn16ffcllbwp16p90lvttt0p8v25c_ccs 
AOI31D1P5BWP16P90LVT               1      0.518    tcbn16ffcllbwp16p90lvttt0p8v25c_ccs 
AOI31D2BWP16P90LVT                 2      1.037    tcbn16ffcllbwp16p90lvttt0p8v25c_ccs 
AOI31D4BWP16P90LVT                 1      0.933    tcbn16ffcllbwp16p90lvttt0p8v25c_ccs 
AOI31SKND1BWP16P90LVT             62     19.284    tcbn16ffcllbwp16p90lvttt0p8v25c_ccs 
AOI31SKND4BWP16P90LVT              1      0.933    tcbn16ffcllbwp16p90lvttt0p8v25c_ccs 
AOI31SKPD1BWP16P90LVT              9      2.799    tcbn16ffcllbwp16p90lvttt0p8v25c_ccs 
AOI32D1BWP16P90LVT                50     18.144    tcbn16ffcllbwp16p90lvttt0p8v25c_ccs 
AOI32D2BWP16P90LVT                15      9.331    tcbn16ffcllbwp16p90lvttt0p8v25c_ccs 
AOI33D1BWP16P90LVT                11      4.562    tcbn16ffcllbwp16p90lvttt0p8v25c_ccs 
BUFFD0BWP16P90LVT                 20      4.147    tcbn16ffcllbwp16p90lvttt0p8v25c_ccs 
BUFFD0P75BWP16P90LVT              26      5.391    tcbn16ffcllbwp16p90lvttt0p8v25c_ccs 
BUFFD10BWP16P90LVT                16     13.271    tcbn16ffcllbwp16p90lvttt0p8v25c_ccs 
BUFFD14BWP16P90LVT                 9      9.798    tcbn16ffcllbwp16p90lvttt0p8v25c_ccs 
BUFFD18BWP16P90LVT                14     18.870    tcbn16ffcllbwp16p90lvttt0p8v25c_ccs 
BUFFD1BWP16P90LVT               3090    640.742    tcbn16ffcllbwp16p90lvttt0p8v25c_ccs 
BUFFD2BWP16P90LVT                178     46.138    tcbn16ffcllbwp16p90lvttt0p8v25c_ccs 
BUFFD3BWP16P90LVT                251     91.083    tcbn16ffcllbwp16p90lvttt0p8v25c_ccs 
BUFFD4BWP16P90LVT                283    117.366    tcbn16ffcllbwp16p90lvttt0p8v25c_ccs 
BUFFD5BWP16P90LVT                 14      6.532    tcbn16ffcllbwp16p90lvttt0p8v25c_ccs 
BUFFD6BWP16P90LVT                  8      4.147    tcbn16ffcllbwp16p90lvttt0p8v25c_ccs 
BUFFD8BWP16P90LVT                 17     11.457    tcbn16ffcllbwp16p90lvttt0p8v25c_ccs 
BUFFSKND1BWP16P90LVT              18      3.732    tcbn16ffcllbwp16p90lvttt0p8v25c_ccs 
BUFFSKND2BWP16P90LVT             382     99.014    tcbn16ffcllbwp16p90lvttt0p8v25c_ccs 
BUFFSKND3BWP16P90LVT              16      5.806    tcbn16ffcllbwp16p90lvttt0p8v25c_ccs 
BUFFSKND4BWP16P90LVT             116     48.108    tcbn16ffcllbwp16p90lvttt0p8v25c_ccs 
BUFFSKND8BWP16P90LVT               7      4.717    tcbn16ffcllbwp16p90lvttt0p8v25c_ccs 
BUFFSKPD0P75BWP16P90LVT            1      0.207    tcbn16ffcllbwp16p90lvttt0p8v25c_ccs 
BUFFSKPD1BWP16P90LVT               2      0.415    tcbn16ffcllbwp16p90lvttt0p8v25c_ccs 
BUFFSKPD2BWP16P90LVT               6      1.555    tcbn16ffcllbwp16p90lvttt0p8v25c_ccs 
CKAN2D1BWP16P90LVT                18      5.599    tcbn16ffcllbwp16p90lvttt0p8v25c_ccs 
CKAN2D2BWP16P90LVT                 4      1.452    tcbn16ffcllbwp16p90lvttt0p8v25c_ccs 
CKAN2D4BWP16P90LVT                 8      4.562    tcbn16ffcllbwp16p90lvttt0p8v25c_ccs 
CKBD18BWP16P90LVT                  1      1.348    tcbn16ffcllbwp16p90lvttt0p8v25c_ccs 
CKBD1BWP16P90LVT                  50     10.368    tcbn16ffcllbwp16p90lvttt0p8v25c_ccs 
CKBD2BWP16P90LVT                   3      0.778    tcbn16ffcllbwp16p90lvttt0p8v25c_ccs 
CKBD3BWP16P90LVT                   3      1.089    tcbn16ffcllbwp16p90lvttt0p8v25c_ccs 
CKBD4BWP16P90LVT                  10      4.147    tcbn16ffcllbwp16p90lvttt0p8v25c_ccs 
CKBD8BWP16P90LVT                   6      4.044    tcbn16ffcllbwp16p90lvttt0p8v25c_ccs 
CKMUX2D1BWP16P90LVT              926    480.038    tcbn16ffcllbwp16p90lvttt0p8v25c_ccs 
CKMUX2D2BWP16P90LVT               50     28.512    tcbn16ffcllbwp16p90lvttt0p8v25c_ccs 
CKMUX2D4BWP16P90LVT               15     13.219    tcbn16ffcllbwp16p90lvttt0p8v25c_ccs 
CKMUX2D8BWP16P90LVT                3      4.666    tcbn16ffcllbwp16p90lvttt0p8v25c_ccs 
CKND10BWP16P90LVT                 77     47.900    tcbn16ffcllbwp16p90lvttt0p8v25c_ccs 
CKND12BWP16P90LVT                 26     18.870    tcbn16ffcllbwp16p90lvttt0p8v25c_ccs 
CKND14BWP16P90LVT                 22     18.248    tcbn16ffcllbwp16p90lvttt0p8v25c_ccs 
CKND16BWP16P90LVT                 12     11.197    tcbn16ffcllbwp16p90lvttt0p8v25c_ccs 
CKND18BWP16P90LVT                  6      6.221    tcbn16ffcllbwp16p90lvttt0p8v25c_ccs 
CKND1BWP16P90LVT               10385   1615.075    tcbn16ffcllbwp16p90lvttt0p8v25c_ccs 
CKND2BWP16P90LVT                 846    175.427    tcbn16ffcllbwp16p90lvttt0p8v25c_ccs 
CKND2D1BWP16P90LVT               117     30.326    tcbn16ffcllbwp16p90lvttt0p8v25c_ccs 
CKND2D2BWP16P90LVT                10      3.629    tcbn16ffcllbwp16p90lvttt0p8v25c_ccs 
CKND2D4BWP16P90LVT                27     13.997    tcbn16ffcllbwp16p90lvttt0p8v25c_ccs 
CKND2D8BWP16P90LVT                17     15.863    tcbn16ffcllbwp16p90lvttt0p8v25c_ccs 
CKND3BWP16P90LVT                 597    154.742    tcbn16ffcllbwp16p90lvttt0p8v25c_ccs 
CKND4BWP16P90LVT                 549    170.761    tcbn16ffcllbwp16p90lvttt0p8v25c_ccs 
CKND5BWP16P90LVT                 183     66.407    tcbn16ffcllbwp16p90lvttt0p8v25c_ccs 
CKND6BWP16P90LVT                 147     60.964    tcbn16ffcllbwp16p90lvttt0p8v25c_ccs 
CKND8BWP16P90LVT                 102     52.877    tcbn16ffcllbwp16p90lvttt0p8v25c_ccs 
CKNR2D1BWP16P90LVT               103     26.698    tcbn16ffcllbwp16p90lvttt0p8v25c_ccs 
CKNR2D2BWP16P90LVT                 7      2.177    tcbn16ffcllbwp16p90lvttt0p8v25c_ccs 
CKNR2D4BWP16P90LVT                38     19.699    tcbn16ffcllbwp16p90lvttt0p8v25c_ccs 
CKNR2D8BWP16P90LVT                 7      6.532    tcbn16ffcllbwp16p90lvttt0p8v25c_ccs 
CKOR2D1BWP16P90LVT                 3      0.933    tcbn16ffcllbwp16p90lvttt0p8v25c_ccs 
CKOR2D2BWP16P90LVT                 7      2.540    tcbn16ffcllbwp16p90lvttt0p8v25c_ccs 
CKOR2D4BWP16P90LVT                13      7.413    tcbn16ffcllbwp16p90lvttt0p8v25c_ccs 
CKOR2D8BWP16P90LVT                 1      0.829    tcbn16ffcllbwp16p90lvttt0p8v25c_ccs 
CKXOR2D1BWP16P90LVT             1036    537.062    tcbn16ffcllbwp16p90lvttt0p8v25c_ccs 
CKXOR2D2BWP16P90LVT               12      6.843    tcbn16ffcllbwp16p90lvttt0p8v25c_ccs 
CKXOR2D4BWP16P90LVT                4      3.525    tcbn16ffcllbwp16p90lvttt0p8v25c_ccs 
CKXOR2D8BWP16P90LVT                2      3.110    tcbn16ffcllbwp16p90lvttt0p8v25c_ccs 
DCCKBD4BWP16P90LVT               605    501.811    tcbn16ffcllbwp16p90lvttt0p8v25c_ccs 
DCCKBD6BWP16P90LVT               145    150.336    tcbn16ffcllbwp16p90lvttt0p8v25c_ccs 
DEL025D1BWP16P90LVT                1      0.518    tcbn16ffcllbwp16p90lvttt0p8v25c_ccs 
DEL050D1BWP16P90LVT                1      0.829    tcbn16ffcllbwp16p90lvttt0p8v25c_ccs 
DFCNQD0BWP16P90LVT               205    233.798    tcbn16ffcllbwp16p90lvttt0p8v25c_ccs 
DFCNQD1BWP16P90LVT              3000   3421.440    tcbn16ffcllbwp16p90lvttt0p8v25c_ccs 
DFCNQD2BWP16P90LVT              8867  10112.636    tcbn16ffcllbwp16p90lvttt0p8v25c_ccs 
DFCNQD4BWP16P90LVT               171    239.345    tcbn16ffcllbwp16p90lvttt0p8v25c_ccs 
DFCNQND1BWP16P90LVT                2      2.488    tcbn16ffcllbwp16p90lvttt0p8v25c_ccs 
DFCNQND2BWP16P90LVT                6      7.776    tcbn16ffcllbwp16p90lvttt0p8v25c_ccs 
DFSNQD2BWP16P90LVT               515    640.742    tcbn16ffcllbwp16p90lvttt0p8v25c_ccs 
DFSNQD4BWP16P90LVT                 1      1.503    tcbn16ffcllbwp16p90lvttt0p8v25c_ccs 
EDFCNQD1BWP16P90LVT               34     54.639    tcbn16ffcllbwp16p90lvttt0p8v25c_ccs 
FA1D0BWP16P90LVT                   2      2.074    tcbn16ffcllbwp16p90lvttt0p8v25c_ccs 
FA1D1BWP16P90LVT                 167    173.146    tcbn16ffcllbwp16p90lvttt0p8v25c_ccs 
FA1D2BWP16P90LVT                  14     15.241    tcbn16ffcllbwp16p90lvttt0p8v25c_ccs 
FA1D4BWP16P90LVT                   1      1.659    tcbn16ffcllbwp16p90lvttt0p8v25c_ccs 
FA1OPTCD1BWP16P90LVT               8      9.539    tcbn16ffcllbwp16p90lvttt0p8v25c_ccs 
FA1OPTCD2BWP16P90LVT               5      6.480    tcbn16ffcllbwp16p90lvttt0p8v25c_ccs 
FA1OPTSD2BWP16P90LVT               1      1.607    tcbn16ffcllbwp16p90lvttt0p8v25c_ccs 
FCICOD0BWP16P90LVT                 1      0.467    tcbn16ffcllbwp16p90lvttt0p8v25c_ccs 
FCICOD1BWP16P90LVT                10      4.666    tcbn16ffcllbwp16p90lvttt0p8v25c_ccs 
FCICOND1BWP16P90LVT                1      0.415    tcbn16ffcllbwp16p90lvttt0p8v25c_ccs 
FCICOND2BWP16P90LVT                3      2.177    tcbn16ffcllbwp16p90lvttt0p8v25c_ccs 
FCICOND4BWP16P90LVT                1      1.244    tcbn16ffcllbwp16p90lvttt0p8v25c_ccs 
HA1D0BWP16P90LVT                   1      0.881    tcbn16ffcllbwp16p90lvttt0p8v25c_ccs 
HA1D1BWP16P90LVT                 246    216.795    tcbn16ffcllbwp16p90lvttt0p8v25c_ccs 
HA1D2BWP16P90LVT                 225    198.288    tcbn16ffcllbwp16p90lvttt0p8v25c_ccs 
HA1D4BWP16P90LVT                   1      1.296    tcbn16ffcllbwp16p90lvttt0p8v25c_ccs 
IAO21D0BWP16P90LVT                 4      1.244    tcbn16ffcllbwp16p90lvttt0p8v25c_ccs 
IAO21D1BWP16P90LVT               226     70.295    tcbn16ffcllbwp16p90lvttt0p8v25c_ccs 
IAO21D4BWP16P90LVT                 8      6.636    tcbn16ffcllbwp16p90lvttt0p8v25c_ccs 
IAO22D0BWP16P90LVT                 1      0.467    tcbn16ffcllbwp16p90lvttt0p8v25c_ccs 
IAO22D1BWP16P90LVT                13      6.065    tcbn16ffcllbwp16p90lvttt0p8v25c_ccs 
IAO22D2BWP16P90LVT                 3      1.866    tcbn16ffcllbwp16p90lvttt0p8v25c_ccs 
IAO22D4BWP16P90LVT                17     17.626    tcbn16ffcllbwp16p90lvttt0p8v25c_ccs 
IAOI21D0BWP16P90LVT               21      8.709    tcbn16ffcllbwp16p90lvttt0p8v25c_ccs 
IAOI21D1BWP16P90LVT              108     44.790    tcbn16ffcllbwp16p90lvttt0p8v25c_ccs 
IAOI21D2BWP16P90LVT               17      9.694    tcbn16ffcllbwp16p90lvttt0p8v25c_ccs 
IAOI21D4BWP16P90LVT                9      8.398    tcbn16ffcllbwp16p90lvttt0p8v25c_ccs 
IIND3D0BWP16P90LVT                32     14.930    tcbn16ffcllbwp16p90lvttt0p8v25c_ccs 
IIND3D1BWP16P90LVT                31     14.463    tcbn16ffcllbwp16p90lvttt0p8v25c_ccs 
IIND3D2BWP16P90LVT                20     10.368    tcbn16ffcllbwp16p90lvttt0p8v25c_ccs 
IIND3D4BWP16P90LVT                17     15.863    tcbn16ffcllbwp16p90lvttt0p8v25c_ccs 
IIND4D1BWP16P90LVT                11      5.702    tcbn16ffcllbwp16p90lvttt0p8v25c_ccs 
IIND4D2BWP16P90LVT                 1      0.829    tcbn16ffcllbwp16p90lvttt0p8v25c_ccs 
IINR3D0BWP16P90LVT                 3      1.400    tcbn16ffcllbwp16p90lvttt0p8v25c_ccs 
IINR3D1BWP16P90LVT                19      8.865    tcbn16ffcllbwp16p90lvttt0p8v25c_ccs 
IINR3D2BWP16P90LVT                29     15.034    tcbn16ffcllbwp16p90lvttt0p8v25c_ccs 
IINR3D4BWP16P90LVT                 9      8.398    tcbn16ffcllbwp16p90lvttt0p8v25c_ccs 
IINR4D1BWP16P90LVT                11      5.702    tcbn16ffcllbwp16p90lvttt0p8v25c_ccs 
IINR4D2BWP16P90LVT                 1      0.829    tcbn16ffcllbwp16p90lvttt0p8v25c_ccs 
IND2D0BWP16P90LVT                 57     14.774    tcbn16ffcllbwp16p90lvttt0p8v25c_ccs 
IND2D0P75BWP16P90LVT              19      4.925    tcbn16ffcllbwp16p90lvttt0p8v25c_ccs 
IND2D1BWP16P90LVT               1201    311.299    tcbn16ffcllbwp16p90lvttt0p8v25c_ccs 
IND2D2BWP16P90LVT                125     45.360    tcbn16ffcllbwp16p90lvttt0p8v25c_ccs 
IND2D3BWP16P90LVT                 24     11.197    tcbn16ffcllbwp16p90lvttt0p8v25c_ccs 
IND2D4BWP16P90LVT                 47     29.238    tcbn16ffcllbwp16p90lvttt0p8v25c_ccs 
IND2D6BWP16P90LVT                 10      8.813    tcbn16ffcllbwp16p90lvttt0p8v25c_ccs 
IND2D8BWP16P90LVT                  6      6.532    tcbn16ffcllbwp16p90lvttt0p8v25c_ccs 
IND2OPTPBD12BWP16P90LVT            5      8.813    tcbn16ffcllbwp16p90lvttt0p8v25c_ccs 
IND2OPTPBD16BWP16P90LVT            2      4.769    tcbn16ffcllbwp16p90lvttt0p8v25c_ccs 
IND2OPTPBD1BWP16P90LVT             6      2.488    tcbn16ffcllbwp16p90lvttt0p8v25c_ccs 
IND2OPTPBD2BWP16P90LVT            19      7.880    tcbn16ffcllbwp16p90lvttt0p8v25c_ccs 
IND2OPTPBD4BWP16P90LVT            10      6.739    tcbn16ffcllbwp16p90lvttt0p8v25c_ccs 
IND2OPTPBD6BWP16P90LVT             3      2.799    tcbn16ffcllbwp16p90lvttt0p8v25c_ccs 
IND2OPTPBD8BWP16P90LVT            10     11.923    tcbn16ffcllbwp16p90lvttt0p8v25c_ccs 
IND3D0BWP16P90LVT                  2      0.622    tcbn16ffcllbwp16p90lvttt0p8v25c_ccs 
IND3D0P75BWP16P90LVT              34     10.575    tcbn16ffcllbwp16p90lvttt0p8v25c_ccs 
IND3D1BWP16P90LVT                372    115.707    tcbn16ffcllbwp16p90lvttt0p8v25c_ccs 
IND3D2BWP16P90LVT                 18      8.398    tcbn16ffcllbwp16p90lvttt0p8v25c_ccs 
IND3D3BWP16P90LVT                  8      4.977    tcbn16ffcllbwp16p90lvttt0p8v25c_ccs 
IND3D4BWP16P90LVT                  5      4.666    tcbn16ffcllbwp16p90lvttt0p8v25c_ccs 
IND3D8BWP16P90LVT                  1      1.607    tcbn16ffcllbwp16p90lvttt0p8v25c_ccs 
IND3OPTPAD2BWP16P90LVT             6      4.355    tcbn16ffcllbwp16p90lvttt0p8v25c_ccs 
IND3OPTPAD6BWP16P90LVT             1      1.400    tcbn16ffcllbwp16p90lvttt0p8v25c_ccs 
IND4D0BWP16P90LVT                  1      0.363    tcbn16ffcllbwp16p90lvttt0p8v25c_ccs 
IND4D1BWP16P90LVT                380    137.894    tcbn16ffcllbwp16p90lvttt0p8v25c_ccs 
IND4D2BWP16P90LVT                  5      3.370    tcbn16ffcllbwp16p90lvttt0p8v25c_ccs 
IND4D4BWP16P90LVT                  2      2.281    tcbn16ffcllbwp16p90lvttt0p8v25c_ccs 
INR2D0BWP16P90LVT                 16      4.147    tcbn16ffcllbwp16p90lvttt0p8v25c_ccs 
INR2D0P75BWP16P90LVT               7      1.814    tcbn16ffcllbwp16p90lvttt0p8v25c_ccs 
INR2D1BWP16P90LVT               1031    267.235    tcbn16ffcllbwp16p90lvttt0p8v25c_ccs 
INR2D2BWP16P90LVT                145     52.618    tcbn16ffcllbwp16p90lvttt0p8v25c_ccs 
INR2D3BWP16P90LVT                 21      9.798    tcbn16ffcllbwp16p90lvttt0p8v25c_ccs 
INR2D4BWP16P90LVT                 70     43.546    tcbn16ffcllbwp16p90lvttt0p8v25c_ccs 
INR2D6BWP16P90LVT                 20     17.626    tcbn16ffcllbwp16p90lvttt0p8v25c_ccs 
INR2D8BWP16P90LVT                  6      6.532    tcbn16ffcllbwp16p90lvttt0p8v25c_ccs 
INR2OPTPBD12BWP16P90LVT            1      1.763    tcbn16ffcllbwp16p90lvttt0p8v25c_ccs 
INR2OPTPBD1BWP16P90LVT             2      0.829    tcbn16ffcllbwp16p90lvttt0p8v25c_ccs 
INR2OPTPBD2BWP16P90LVT             7      2.903    tcbn16ffcllbwp16p90lvttt0p8v25c_ccs 
INR2OPTPBD4BWP16P90LVT             3      2.022    tcbn16ffcllbwp16p90lvttt0p8v25c_ccs 
INR2OPTPBD6BWP16P90LVT             1      0.933    tcbn16ffcllbwp16p90lvttt0p8v25c_ccs 
INR2OPTPBD8BWP16P90LVT             2      2.385    tcbn16ffcllbwp16p90lvttt0p8v25c_ccs 
INR3D0BWP16P90LVT                  2      0.622    tcbn16ffcllbwp16p90lvttt0p8v25c_ccs 
INR3D0P75BWP16P90LVT               4      1.244    tcbn16ffcllbwp16p90lvttt0p8v25c_ccs 
INR3D1BWP16P90LVT                148     46.034    tcbn16ffcllbwp16p90lvttt0p8v25c_ccs 
INR3D2BWP16P90LVT                 12      5.599    tcbn16ffcllbwp16p90lvttt0p8v25c_ccs 
INR3D3BWP16P90LVT                  1      0.622    tcbn16ffcllbwp16p90lvttt0p8v25c_ccs 
INR3D4BWP16P90LVT                  1      0.933    tcbn16ffcllbwp16p90lvttt0p8v25c_ccs 
INR3OPTPAD2BWP16P90LVT             3      2.177    tcbn16ffcllbwp16p90lvttt0p8v25c_ccs 
INR3OPTPAD4BWP16P90LVT             1      1.089    tcbn16ffcllbwp16p90lvttt0p8v25c_ccs 
INR3OPTPAD6BWP16P90LVT             1      1.400    tcbn16ffcllbwp16p90lvttt0p8v25c_ccs 
INR4D1BWP16P90LVT                 97     35.199    tcbn16ffcllbwp16p90lvttt0p8v25c_ccs 
INR4D4BWP16P90LVT                  6      6.843    tcbn16ffcllbwp16p90lvttt0p8v25c_ccs 
INVD0BWP16P90LVT                 105     16.330    tcbn16ffcllbwp16p90lvttt0p8v25c_ccs 
INVD0P75BWP16P90LVT                6      0.933    tcbn16ffcllbwp16p90lvttt0p8v25c_ccs 
INVD1BWP16P90LVT                 209     32.504    tcbn16ffcllbwp16p90lvttt0p8v25c_ccs 
INVD2BWP16P90LVT                  27      5.599    tcbn16ffcllbwp16p90lvttt0p8v25c_ccs 
INVD3BWP16P90LVT                   9      2.333    tcbn16ffcllbwp16p90lvttt0p8v25c_ccs 
INVD4BWP16P90LVT                  15      4.666    tcbn16ffcllbwp16p90lvttt0p8v25c_ccs 
INVD8BWP16P90LVT                   7      3.629    tcbn16ffcllbwp16p90lvttt0p8v25c_ccs 
INVSKND10BWP16P90LVT              13      8.087    tcbn16ffcllbwp16p90lvttt0p8v25c_ccs 
INVSKND12BWP16P90LVT               3      2.177    tcbn16ffcllbwp16p90lvttt0p8v25c_ccs 
INVSKND14BWP16P90LVT               1      0.829    tcbn16ffcllbwp16p90lvttt0p8v25c_ccs 
INVSKND18BWP16P90LVT               3      3.110    tcbn16ffcllbwp16p90lvttt0p8v25c_ccs 
INVSKND1BWP16P90LVT              785    122.083    tcbn16ffcllbwp16p90lvttt0p8v25c_ccs 
INVSKND2BWP16P90LVT               87     18.040    tcbn16ffcllbwp16p90lvttt0p8v25c_ccs 
INVSKND3BWP16P90LVT               44     11.405    tcbn16ffcllbwp16p90lvttt0p8v25c_ccs 
INVSKND4BWP16P90LVT               41     12.753    tcbn16ffcllbwp16p90lvttt0p8v25c_ccs 
INVSKND5BWP16P90LVT               16      5.806    tcbn16ffcllbwp16p90lvttt0p8v25c_ccs 
INVSKND6BWP16P90LVT               15      6.221    tcbn16ffcllbwp16p90lvttt0p8v25c_ccs 
INVSKND8BWP16P90LVT                3      1.555    tcbn16ffcllbwp16p90lvttt0p8v25c_ccs 
INVSKPD0P75BWP16P90LVT            23      3.577    tcbn16ffcllbwp16p90lvttt0p8v25c_ccs 
INVSKPD10BWP16P90LVT               2      1.244    tcbn16ffcllbwp16p90lvttt0p8v25c_ccs 
INVSKPD12BWP16P90LVT               2      1.452    tcbn16ffcllbwp16p90lvttt0p8v25c_ccs 
INVSKPD16BWP16P90LVT               1      0.933    tcbn16ffcllbwp16p90lvttt0p8v25c_ccs 
INVSKPD18BWP16P90LVT               5      5.184    tcbn16ffcllbwp16p90lvttt0p8v25c_ccs 
INVSKPD1BWP16P90LVT               45      6.998    tcbn16ffcllbwp16p90lvttt0p8v25c_ccs 
INVSKPD2BWP16P90LVT              116     24.054    tcbn16ffcllbwp16p90lvttt0p8v25c_ccs 
INVSKPD3BWP16P90LVT               18      4.666    tcbn16ffcllbwp16p90lvttt0p8v25c_ccs 
INVSKPD4BWP16P90LVT               21      6.532    tcbn16ffcllbwp16p90lvttt0p8v25c_ccs 
INVSKPD5BWP16P90LVT                1      0.363    tcbn16ffcllbwp16p90lvttt0p8v25c_ccs 
INVSKPD6BWP16P90LVT                3      1.244    tcbn16ffcllbwp16p90lvttt0p8v25c_ccs 
INVSKPD8BWP16P90LVT               17      8.813    tcbn16ffcllbwp16p90lvttt0p8v25c_ccs 
IOA21D0BWP16P90LVT               112     34.836    tcbn16ffcllbwp16p90lvttt0p8v25c_ccs 
IOA21D1BWP16P90LVT              3886   1208.701    tcbn16ffcllbwp16p90lvttt0p8v25c_ccs 
IOA21D2BWP16P90LVT               119     61.690    tcbn16ffcllbwp16p90lvttt0p8v25c_ccs 
IOA21D4BWP16P90LVT                74     61.379    tcbn16ffcllbwp16p90lvttt0p8v25c_ccs 
IOA22D1BWP16P90LVT                36     16.796    tcbn16ffcllbwp16p90lvttt0p8v25c_ccs 
IOA22D2BWP16P90LVT                49     30.482    tcbn16ffcllbwp16p90lvttt0p8v25c_ccs 
IOA22D4BWP16P90LVT                79     81.907    tcbn16ffcllbwp16p90lvttt0p8v25c_ccs 
IOAI21D0BWP16P90LVT               25     10.368    tcbn16ffcllbwp16p90lvttt0p8v25c_ccs 
IOAI21D1BWP16P90LVT              429    177.915    tcbn16ffcllbwp16p90lvttt0p8v25c_ccs 
IOAI21D2BWP16P90LVT               32     18.248    tcbn16ffcllbwp16p90lvttt0p8v25c_ccs 
IOAI21D4BWP16P90LVT               57     53.188    tcbn16ffcllbwp16p90lvttt0p8v25c_ccs 
MAOI222D1BWP16P90LVT              14      5.080    tcbn16ffcllbwp16p90lvttt0p8v25c_ccs 
MAOI222D2BWP16P90LVT               1      0.726    tcbn16ffcllbwp16p90lvttt0p8v25c_ccs 
MAOI222D4BWP16P90LVT               5      6.221    tcbn16ffcllbwp16p90lvttt0p8v25c_ccs 
MAOI22D0BWP16P90LVT                2      0.933    tcbn16ffcllbwp16p90lvttt0p8v25c_ccs 
MAOI22D1BWP16P90LVT              150     69.984    tcbn16ffcllbwp16p90lvttt0p8v25c_ccs 
MAOI22D2BWP16P90LVT                5      3.629    tcbn16ffcllbwp16p90lvttt0p8v25c_ccs 
MAOI22D4BWP16P90LVT                2      2.488    tcbn16ffcllbwp16p90lvttt0p8v25c_ccs 
MOAI22D0BWP16P90LVT                1      0.467    tcbn16ffcllbwp16p90lvttt0p8v25c_ccs 
MOAI22D1BWP16P90LVT              816    380.713    tcbn16ffcllbwp16p90lvttt0p8v25c_ccs 
MOAI22D2BWP16P90LVT                3      2.177    tcbn16ffcllbwp16p90lvttt0p8v25c_ccs 
MOAI22D4BWP16P90LVT                1      1.244    tcbn16ffcllbwp16p90lvttt0p8v25c_ccs 
MUX2D0BWP16P90LVT                  2      1.037    tcbn16ffcllbwp16p90lvttt0p8v25c_ccs 
MUX2D0P75BWP16P90LVT              40     20.736    tcbn16ffcllbwp16p90lvttt0p8v25c_ccs 
MUX2D1BWP16P90LVT                423    219.283    tcbn16ffcllbwp16p90lvttt0p8v25c_ccs 
MUX2D2BWP16P90LVT                  7      3.992    tcbn16ffcllbwp16p90lvttt0p8v25c_ccs 
MUX2D4BWP16P90LVT                 27     23.795    tcbn16ffcllbwp16p90lvttt0p8v25c_ccs 
MUX2D8BWP16P90LVT                  4      6.221    tcbn16ffcllbwp16p90lvttt0p8v25c_ccs 
MUX2ND0P75BWP16P90LVT              1      0.622    tcbn16ffcllbwp16p90lvttt0p8v25c_ccs 
MUX2ND2BWP16P90LVT               133     82.737    tcbn16ffcllbwp16p90lvttt0p8v25c_ccs 
MUX2ND3BWP16P90LVT                 3      2.177    tcbn16ffcllbwp16p90lvttt0p8v25c_ccs 
MUX2ND4BWP16P90LVT                 1      0.778    tcbn16ffcllbwp16p90lvttt0p8v25c_ccs 
MUX2ND8BWP16P90LVT                 1      1.296    tcbn16ffcllbwp16p90lvttt0p8v25c_ccs 
MUX3D0BWP16P90LVT                  1      0.881    tcbn16ffcllbwp16p90lvttt0p8v25c_ccs 
MUX3D1BWP16P90LVT                 12     10.575    tcbn16ffcllbwp16p90lvttt0p8v25c_ccs 
MUX3ND2BWP16P90LVT                 1      0.985    tcbn16ffcllbwp16p90lvttt0p8v25c_ccs 
MUX4D0BWP16P90LVT                  2      2.385    tcbn16ffcllbwp16p90lvttt0p8v25c_ccs 
MUX4D1BWP16P90LVT                  3      3.577    tcbn16ffcllbwp16p90lvttt0p8v25c_ccs 
MUX4ND0BWP16P90LVT                 1      1.244    tcbn16ffcllbwp16p90lvttt0p8v25c_ccs 
MUX4ND2BWP16P90LVT                 6      7.776    tcbn16ffcllbwp16p90lvttt0p8v25c_ccs 
ND2D0BWP16P90LVT                   7      1.452    tcbn16ffcllbwp16p90lvttt0p8v25c_ccs 
ND2D0P75BWP16P90LVT              155     32.141    tcbn16ffcllbwp16p90lvttt0p8v25c_ccs 
ND2D12BWP16P90LVT                  6      8.087    tcbn16ffcllbwp16p90lvttt0p8v25c_ccs 
ND2D16BWP16P90LVT                  4      7.050    tcbn16ffcllbwp16p90lvttt0p8v25c_ccs 
ND2D1BWP16P90LVT                1992    413.061    tcbn16ffcllbwp16p90lvttt0p8v25c_ccs 
ND2D1P5BWP16P90LVT                10      3.110    tcbn16ffcllbwp16p90lvttt0p8v25c_ccs 
ND2D2BWP16P90LVT                 179     55.676    tcbn16ffcllbwp16p90lvttt0p8v25c_ccs 
ND2D3BWP16P90LVT                  76     31.519    tcbn16ffcllbwp16p90lvttt0p8v25c_ccs 
ND2D4BWP16P90LVT                  71     36.806    tcbn16ffcllbwp16p90lvttt0p8v25c_ccs 
ND2D6BWP16P90LVT                  25     18.144    tcbn16ffcllbwp16p90lvttt0p8v25c_ccs 
ND2D8BWP16P90LVT                  11     10.264    tcbn16ffcllbwp16p90lvttt0p8v25c_ccs 
ND2OPTPBD12BWP16P90LVT             1      1.452    tcbn16ffcllbwp16p90lvttt0p8v25c_ccs 
ND2OPTPBD16BWP16P90LVT             1      1.970    tcbn16ffcllbwp16p90lvttt0p8v25c_ccs 
ND2OPTPBD1BWP16P90LVT              9      2.333    tcbn16ffcllbwp16p90lvttt0p8v25c_ccs 
ND2OPTPBD2BWP16P90LVT             44     15.967    tcbn16ffcllbwp16p90lvttt0p8v25c_ccs 
ND2OPTPBD4BWP16P90LVT             22     12.545    tcbn16ffcllbwp16p90lvttt0p8v25c_ccs 
ND2OPTPBD6BWP16P90LVT             14     10.886    tcbn16ffcllbwp16p90lvttt0p8v25c_ccs 
ND2OPTPBD8BWP16P90LVT              5      5.184    tcbn16ffcllbwp16p90lvttt0p8v25c_ccs 
ND2SKNBD12BWP16P90LVT              9     12.131    tcbn16ffcllbwp16p90lvttt0p8v25c_ccs 
ND2SKNBD1BWP16P90LVT             706    146.396    tcbn16ffcllbwp16p90lvttt0p8v25c_ccs 
ND2SKNBD2BWP16P90LVT              25      7.776    tcbn16ffcllbwp16p90lvttt0p8v25c_ccs 
ND2SKNBD3BWP16P90LVT               8      3.318    tcbn16ffcllbwp16p90lvttt0p8v25c_ccs 
ND2SKNBD4BWP16P90LVT              22     11.405    tcbn16ffcllbwp16p90lvttt0p8v25c_ccs 
ND2SKNBD6BWP16P90LVT              14     10.161    tcbn16ffcllbwp16p90lvttt0p8v25c_ccs 
ND2SKNBD8BWP16P90LVT               5      4.666    tcbn16ffcllbwp16p90lvttt0p8v25c_ccs 
ND2SKND0P75BWP16P90LVT             5      1.037    tcbn16ffcllbwp16p90lvttt0p8v25c_ccs 
ND2SKND12BWP16P90LVT               6      8.087    tcbn16ffcllbwp16p90lvttt0p8v25c_ccs 
ND2SKND1BWP16P90LVT              718    148.884    tcbn16ffcllbwp16p90lvttt0p8v25c_ccs 
ND2SKND2BWP16P90LVT               61     18.973    tcbn16ffcllbwp16p90lvttt0p8v25c_ccs 
ND2SKND3BWP16P90LVT               43     17.833    tcbn16ffcllbwp16p90lvttt0p8v25c_ccs 
ND2SKND4BWP16P90LVT               27     13.997    tcbn16ffcllbwp16p90lvttt0p8v25c_ccs 
ND2SKND6BWP16P90LVT               23     16.692    tcbn16ffcllbwp16p90lvttt0p8v25c_ccs 
ND2SKND8BWP16P90LVT               10      9.331    tcbn16ffcllbwp16p90lvttt0p8v25c_ccs 
ND3D0BWP16P90LVT                   2      0.518    tcbn16ffcllbwp16p90lvttt0p8v25c_ccs 
ND3D1BWP16P90LVT                 900    233.280    tcbn16ffcllbwp16p90lvttt0p8v25c_ccs 
ND3D2BWP16P90LVT                  17      7.050    tcbn16ffcllbwp16p90lvttt0p8v25c_ccs 
ND3D3BWP16P90LVT                  21     11.975    tcbn16ffcllbwp16p90lvttt0p8v25c_ccs 
ND3D4BWP16P90LVT                   5      3.629    tcbn16ffcllbwp16p90lvttt0p8v25c_ccs 
ND3D6BWP16P90LVT                   3      3.110    tcbn16ffcllbwp16p90lvttt0p8v25c_ccs 
ND3D8BWP16P90LVT                   1      1.348    tcbn16ffcllbwp16p90lvttt0p8v25c_ccs 
ND3OPTPAD1BWP16P90LVT             13      4.044    tcbn16ffcllbwp16p90lvttt0p8v25c_ccs 
ND3OPTPAD2BWP16P90LVT             23     13.116    tcbn16ffcllbwp16p90lvttt0p8v25c_ccs 
ND3OPTPAD4BWP16P90LVT             12     10.575    tcbn16ffcllbwp16p90lvttt0p8v25c_ccs 
ND3OPTPAD6BWP16P90LVT              1      1.244    tcbn16ffcllbwp16p90lvttt0p8v25c_ccs 
ND3SKNBD12BWP16P90LVT              5      9.850    tcbn16ffcllbwp16p90lvttt0p8v25c_ccs 
ND3SKNBD1BWP16P90LVT             849    220.061    tcbn16ffcllbwp16p90lvttt0p8v25c_ccs 
ND3SKNBD2BWP16P90LVT              13      5.391    tcbn16ffcllbwp16p90lvttt0p8v25c_ccs 
ND3SKNBD3BWP16P90LVT              11      6.273    tcbn16ffcllbwp16p90lvttt0p8v25c_ccs 
ND3SKNBD4BWP16P90LVT               2      1.452    tcbn16ffcllbwp16p90lvttt0p8v25c_ccs 
ND3SKNBD6BWP16P90LVT               6      6.221    tcbn16ffcllbwp16p90lvttt0p8v25c_ccs 
ND3SKNBD8BWP16P90LVT               6      8.087    tcbn16ffcllbwp16p90lvttt0p8v25c_ccs 
ND3SKND0P75BWP16P90LVT             1      0.259    tcbn16ffcllbwp16p90lvttt0p8v25c_ccs 
ND3SKND12BWP16P90LVT               1      1.970    tcbn16ffcllbwp16p90lvttt0p8v25c_ccs 
ND3SKND1BWP16P90LVT              397    102.902    tcbn16ffcllbwp16p90lvttt0p8v25c_ccs 
ND3SKND2BWP16P90LVT                2      0.829    tcbn16ffcllbwp16p90lvttt0p8v25c_ccs 
ND3SKND3BWP16P90LVT                7      3.992    tcbn16ffcllbwp16p90lvttt0p8v25c_ccs 
ND3SKND4BWP16P90LVT                6      4.355    tcbn16ffcllbwp16p90lvttt0p8v25c_ccs 
ND3SKND6BWP16P90LVT                3      3.110    tcbn16ffcllbwp16p90lvttt0p8v25c_ccs 
ND3SKND8BWP16P90LVT                1      1.348    tcbn16ffcllbwp16p90lvttt0p8v25c_ccs 
ND4D1BWP16P90LVT                 638    198.444    tcbn16ffcllbwp16p90lvttt0p8v25c_ccs 
ND4D2BWP16P90LVT                  78     40.435    tcbn16ffcllbwp16p90lvttt0p8v25c_ccs 
ND4D3BWP16P90LVT                   6      4.355    tcbn16ffcllbwp16p90lvttt0p8v25c_ccs 
ND4SKNBD1BWP16P90LVT            4628   1439.493    tcbn16ffcllbwp16p90lvttt0p8v25c_ccs 
ND4SKNBD2BWP16P90LVT               5      2.592    tcbn16ffcllbwp16p90lvttt0p8v25c_ccs 
ND4SKNBD3BWP16P90LVT              31     22.499    tcbn16ffcllbwp16p90lvttt0p8v25c_ccs 
ND4SKNBD4BWP16P90LVT               4      4.147    tcbn16ffcllbwp16p90lvttt0p8v25c_ccs 
ND4SKND1BWP16P90LVT              181     56.298    tcbn16ffcllbwp16p90lvttt0p8v25c_ccs 
ND4SKND1P5BWP16P90LVT              5      2.592    tcbn16ffcllbwp16p90lvttt0p8v25c_ccs 
ND4SKND2BWP16P90LVT                7      3.629    tcbn16ffcllbwp16p90lvttt0p8v25c_ccs 
ND4SKND3BWP16P90LVT                2      1.452    tcbn16ffcllbwp16p90lvttt0p8v25c_ccs 
NR2D0BWP16P90LVT                   2      0.415    tcbn16ffcllbwp16p90lvttt0p8v25c_ccs 
NR2D0P75BWP16P90LVT                2      0.415    tcbn16ffcllbwp16p90lvttt0p8v25c_ccs 
NR2D12BWP16P90LVT                  1      1.348    tcbn16ffcllbwp16p90lvttt0p8v25c_ccs 
NR2D1BWP16P90LVT                2865    594.086    tcbn16ffcllbwp16p90lvttt0p8v25c_ccs 
NR2D1P5BWP16P90LVT                 6      1.866    tcbn16ffcllbwp16p90lvttt0p8v25c_ccs 
NR2D2BWP16P90LVT                 191     59.409    tcbn16ffcllbwp16p90lvttt0p8v25c_ccs 
NR2D3BWP16P90LVT                 138     57.231    tcbn16ffcllbwp16p90lvttt0p8v25c_ccs 
NR2D4BWP16P90LVT                  93     48.211    tcbn16ffcllbwp16p90lvttt0p8v25c_ccs 
NR2D6BWP16P90LVT                  46     33.385    tcbn16ffcllbwp16p90lvttt0p8v25c_ccs 
NR2D8BWP16P90LVT                  11     10.264    tcbn16ffcllbwp16p90lvttt0p8v25c_ccs 
NR2OPTPBD1BWP16P90LVT              5      1.296    tcbn16ffcllbwp16p90lvttt0p8v25c_ccs 
NR2OPTPBD2BWP16P90LVT             47     17.055    tcbn16ffcllbwp16p90lvttt0p8v25c_ccs 
NR2OPTPBD4BWP16P90LVT             32     18.248    tcbn16ffcllbwp16p90lvttt0p8v25c_ccs 
NR2OPTPBD6BWP16P90LVT              5      3.888    tcbn16ffcllbwp16p90lvttt0p8v25c_ccs 
NR2OPTPBD8BWP16P90LVT              5      5.184    tcbn16ffcllbwp16p90lvttt0p8v25c_ccs 
NR2SKPBD12BWP16P90LVT              4      5.391    tcbn16ffcllbwp16p90lvttt0p8v25c_ccs 
NR2SKPBD16BWP16P90LVT              1      1.763    tcbn16ffcllbwp16p90lvttt0p8v25c_ccs 
NR2SKPBD1BWP16P90LVT             348     72.161    tcbn16ffcllbwp16p90lvttt0p8v25c_ccs 
NR2SKPBD2BWP16P90LVT              20      6.221    tcbn16ffcllbwp16p90lvttt0p8v25c_ccs 
NR2SKPBD3BWP16P90LVT              17      7.050    tcbn16ffcllbwp16p90lvttt0p8v25c_ccs 
NR2SKPBD4BWP16P90LVT              17      8.813    tcbn16ffcllbwp16p90lvttt0p8v25c_ccs 
NR2SKPBD6BWP16P90LVT               9      6.532    tcbn16ffcllbwp16p90lvttt0p8v25c_ccs 
NR2SKPBD8BWP16P90LVT               7      6.532    tcbn16ffcllbwp16p90lvttt0p8v25c_ccs 
NR2SKPD0P75BWP16P90LVT            15      3.110    tcbn16ffcllbwp16p90lvttt0p8v25c_ccs 
NR2SKPD1BWP16P90LVT              260     53.914    tcbn16ffcllbwp16p90lvttt0p8v25c_ccs 
NR2SKPD2BWP16P90LVT               37     11.508    tcbn16ffcllbwp16p90lvttt0p8v25c_ccs 
NR2SKPD3BWP16P90LVT               17      7.050    tcbn16ffcllbwp16p90lvttt0p8v25c_ccs 
NR2SKPD4BWP16P90LVT               21     10.886    tcbn16ffcllbwp16p90lvttt0p8v25c_ccs 
NR2SKPD6BWP16P90LVT               13      9.435    tcbn16ffcllbwp16p90lvttt0p8v25c_ccs 
NR2SKPD8BWP16P90LVT                3      2.799    tcbn16ffcllbwp16p90lvttt0p8v25c_ccs 
NR3D1BWP16P90LVT                  76     19.699    tcbn16ffcllbwp16p90lvttt0p8v25c_ccs 
NR3D2BWP16P90LVT                  28     11.612    tcbn16ffcllbwp16p90lvttt0p8v25c_ccs 
NR3D3BWP16P90LVT                  11      6.273    tcbn16ffcllbwp16p90lvttt0p8v25c_ccs 
NR3D4BWP16P90LVT                   8      5.806    tcbn16ffcllbwp16p90lvttt0p8v25c_ccs 
NR3D6BWP16P90LVT                   1      1.037    tcbn16ffcllbwp16p90lvttt0p8v25c_ccs 
NR3D8BWP16P90LVT                   1      1.348    tcbn16ffcllbwp16p90lvttt0p8v25c_ccs 
NR3OPTPAD1BWP16P90LVT             12      3.732    tcbn16ffcllbwp16p90lvttt0p8v25c_ccs 
NR3OPTPAD2BWP16P90LVT              9      5.132    tcbn16ffcllbwp16p90lvttt0p8v25c_ccs 
NR3OPTPAD4BWP16P90LVT              1      0.881    tcbn16ffcllbwp16p90lvttt0p8v25c_ccs 
NR3OPTPAD6BWP16P90LVT              1      1.244    tcbn16ffcllbwp16p90lvttt0p8v25c_ccs 
NR3OPTPAD8BWP16P90LVT              2      3.525    tcbn16ffcllbwp16p90lvttt0p8v25c_ccs 
NR3SKPBD1BWP16P90LVT              75     19.440    tcbn16ffcllbwp16p90lvttt0p8v25c_ccs 
NR3SKPBD2BWP16P90LVT              15      6.221    tcbn16ffcllbwp16p90lvttt0p8v25c_ccs 
NR3SKPBD3BWP16P90LVT               5      2.851    tcbn16ffcllbwp16p90lvttt0p8v25c_ccs 
NR3SKPBD4BWP16P90LVT               8      5.806    tcbn16ffcllbwp16p90lvttt0p8v25c_ccs 
NR3SKPBD6BWP16P90LVT               6      6.221    tcbn16ffcllbwp16p90lvttt0p8v25c_ccs 
NR3SKPBD8BWP16P90LVT               6      8.087    tcbn16ffcllbwp16p90lvttt0p8v25c_ccs 
NR3SKPD0P75BWP16P90LVT             1      0.259    tcbn16ffcllbwp16p90lvttt0p8v25c_ccs 
NR3SKPD1BWP16P90LVT               28      7.258    tcbn16ffcllbwp16p90lvttt0p8v25c_ccs 
NR3SKPD2BWP16P90LVT                4      1.659    tcbn16ffcllbwp16p90lvttt0p8v25c_ccs 
NR3SKPD3BWP16P90LVT                1      0.570    tcbn16ffcllbwp16p90lvttt0p8v25c_ccs 
NR3SKPD4BWP16P90LVT                3      2.177    tcbn16ffcllbwp16p90lvttt0p8v25c_ccs 
NR4D0BWP16P90LVT                   1      0.311    tcbn16ffcllbwp16p90lvttt0p8v25c_ccs 
NR4D1BWP16P90LVT                  36     11.197    tcbn16ffcllbwp16p90lvttt0p8v25c_ccs 
NR4D2BWP16P90LVT                   8      4.147    tcbn16ffcllbwp16p90lvttt0p8v25c_ccs 
NR4D3BWP16P90LVT                   2      1.452    tcbn16ffcllbwp16p90lvttt0p8v25c_ccs 
NR4SKPBD1BWP16P90LVT             575    178.848    tcbn16ffcllbwp16p90lvttt0p8v25c_ccs 
NR4SKPBD2BWP16P90LVT               1      0.518    tcbn16ffcllbwp16p90lvttt0p8v25c_ccs 
NR4SKPBD3BWP16P90LVT               6      4.355    tcbn16ffcllbwp16p90lvttt0p8v25c_ccs 
NR4SKPBD4BWP16P90LVT               1      1.037    tcbn16ffcllbwp16p90lvttt0p8v25c_ccs 
NR4SKPD1BWP16P90LVT               14      4.355    tcbn16ffcllbwp16p90lvttt0p8v25c_ccs 
OA21D0BWP16P90LVT                 16      4.977    tcbn16ffcllbwp16p90lvttt0p8v25c_ccs 
OA21D1BWP16P90LVT                617    191.912    tcbn16ffcllbwp16p90lvttt0p8v25c_ccs 
OA21D2BWP16P90LVT                 62     22.499    tcbn16ffcllbwp16p90lvttt0p8v25c_ccs 
OA21D4BWP16P90LVT                  6      2.799    tcbn16ffcllbwp16p90lvttt0p8v25c_ccs 
OA22D1BWP16P90LVT                 44     20.529    tcbn16ffcllbwp16p90lvttt0p8v25c_ccs 
OA22D2BWP16P90LVT                  1      0.518    tcbn16ffcllbwp16p90lvttt0p8v25c_ccs 
OAI211D0BWP16P90LVT                2      0.622    tcbn16ffcllbwp16p90lvttt0p8v25c_ccs 
OAI211D1BWP16P90LVT              159     49.455    tcbn16ffcllbwp16p90lvttt0p8v25c_ccs 
OAI211D2BWP16P90LVT               27     13.997    tcbn16ffcllbwp16p90lvttt0p8v25c_ccs 
OAI211OPTPBD1BWP16P90LVT          10      4.666    tcbn16ffcllbwp16p90lvttt0p8v25c_ccs 
OAI211OPTPBD4BWP16P90LVT           2      2.281    tcbn16ffcllbwp16p90lvttt0p8v25c_ccs 
OAI211SKND1BWP16P90LVT           580    180.403    tcbn16ffcllbwp16p90lvttt0p8v25c_ccs 
OAI211SKND3BWP16P90LVT             4      2.903    tcbn16ffcllbwp16p90lvttt0p8v25c_ccs 
OAI211SKPD0P75BWP16P90LVT          3      0.933    tcbn16ffcllbwp16p90lvttt0p8v25c_ccs 
OAI211SKPD1BWP16P90LVT           888    276.204    tcbn16ffcllbwp16p90lvttt0p8v25c_ccs 
OAI21D0BWP16P90LVT                 3      0.778    tcbn16ffcllbwp16p90lvttt0p8v25c_ccs 
OAI21D1BWP16P90LVT               371     96.163    tcbn16ffcllbwp16p90lvttt0p8v25c_ccs 
OAI21D2BWP16P90LVT               146     60.549    tcbn16ffcllbwp16p90lvttt0p8v25c_ccs 
OAI21D3BWP16P90LVT                61     34.785    tcbn16ffcllbwp16p90lvttt0p8v25c_ccs 
OAI21D4BWP16P90LVT                33     23.950    tcbn16ffcllbwp16p90lvttt0p8v25c_ccs 
OAI21D6BWP16P90LVT                12     12.442    tcbn16ffcllbwp16p90lvttt0p8v25c_ccs 
OAI21D8BWP16P90LVT                 7      9.435    tcbn16ffcllbwp16p90lvttt0p8v25c_ccs 
OAI21OPTPBD1BWP16P90LVT           32     11.612    tcbn16ffcllbwp16p90lvttt0p8v25c_ccs 
OAI21OPTPBD2BWP16P90LVT           18      9.331    tcbn16ffcllbwp16p90lvttt0p8v25c_ccs 
OAI21OPTPBD4BWP16P90LVT            9      7.932    tcbn16ffcllbwp16p90lvttt0p8v25c_ccs 
OAI21OPTPBD6BWP16P90LVT            1      1.192    tcbn16ffcllbwp16p90lvttt0p8v25c_ccs 
OAI21OPTPBD8BWP16P90LVT            1      1.555    tcbn16ffcllbwp16p90lvttt0p8v25c_ccs 
OAI21SKND0P75BWP16P90LVT           1      0.259    tcbn16ffcllbwp16p90lvttt0p8v25c_ccs 
OAI21SKND1BWP16P90LVT            466    120.787    tcbn16ffcllbwp16p90lvttt0p8v25c_ccs 
OAI21SKND3BWP16P90LVT              6      3.421    tcbn16ffcllbwp16p90lvttt0p8v25c_ccs 
OAI21SKND4BWP16P90LVT             12      8.709    tcbn16ffcllbwp16p90lvttt0p8v25c_ccs 
OAI21SKND6BWP16P90LVT              4      4.147    tcbn16ffcllbwp16p90lvttt0p8v25c_ccs 
OAI21SKND8BWP16P90LVT              1      1.348    tcbn16ffcllbwp16p90lvttt0p8v25c_ccs 
OAI21SKPD0P75BWP16P90LVT           7      1.814    tcbn16ffcllbwp16p90lvttt0p8v25c_ccs 
OAI21SKPD1BWP16P90LVT           2705    701.136    tcbn16ffcllbwp16p90lvttt0p8v25c_ccs 
OAI21SKPD2BWP16P90LVT             22      9.124    tcbn16ffcllbwp16p90lvttt0p8v25c_ccs 
OAI21SKPD3BWP16P90LVT              5      2.851    tcbn16ffcllbwp16p90lvttt0p8v25c_ccs 
OAI21SKPD4BWP16P90LVT              7      5.080    tcbn16ffcllbwp16p90lvttt0p8v25c_ccs 
OAI221D0BWP16P90LVT               96     44.790    tcbn16ffcllbwp16p90lvttt0p8v25c_ccs 
OAI221D1BWP16P90LVT             4305   2008.541    tcbn16ffcllbwp16p90lvttt0p8v25c_ccs 
OAI221D2BWP16P90LVT               10      7.776    tcbn16ffcllbwp16p90lvttt0p8v25c_ccs 
OAI222D1BWP16P90LVT             2792   1447.373    tcbn16ffcllbwp16p90lvttt0p8v25c_ccs 
OAI222D2BWP16P90LVT               21     18.507    tcbn16ffcllbwp16p90lvttt0p8v25c_ccs 
OAI222D4BWP16P90LVT                3      4.355    tcbn16ffcllbwp16p90lvttt0p8v25c_ccs 
OAI22D0BWP16P90LVT                 1      0.311    tcbn16ffcllbwp16p90lvttt0p8v25c_ccs 
OAI22D1BWP16P90LVT               493    153.343    tcbn16ffcllbwp16p90lvttt0p8v25c_ccs 
OAI22D1P5BWP16P90LVT               4      2.074    tcbn16ffcllbwp16p90lvttt0p8v25c_ccs 
OAI22D2BWP16P90LVT                11      5.702    tcbn16ffcllbwp16p90lvttt0p8v25c_ccs 
OAI22D3BWP16P90LVT                16     11.612    tcbn16ffcllbwp16p90lvttt0p8v25c_ccs 
OAI22D4BWP16P90LVT                37     34.525    tcbn16ffcllbwp16p90lvttt0p8v25c_ccs 
OAI22D6BWP16P90LVT                 7      9.435    tcbn16ffcllbwp16p90lvttt0p8v25c_ccs 
OAI22OPTPBD2BWP16P90LVT            6      4.044    tcbn16ffcllbwp16p90lvttt0p8v25c_ccs 
OAI22OPTPBD4BWP16P90LVT            1      1.140    tcbn16ffcllbwp16p90lvttt0p8v25c_ccs 
OAI22SKND1BWP16P90LVT           1052    327.214    tcbn16ffcllbwp16p90lvttt0p8v25c_ccs 
OAI22SKND2BWP16P90LVT              1      0.518    tcbn16ffcllbwp16p90lvttt0p8v25c_ccs 
OAI22SKND3BWP16P90LVT              7      5.080    tcbn16ffcllbwp16p90lvttt0p8v25c_ccs 
OAI22SKND4BWP16P90LVT             13     12.131    tcbn16ffcllbwp16p90lvttt0p8v25c_ccs 
OAI22SKND6BWP16P90LVT             12     16.174    tcbn16ffcllbwp16p90lvttt0p8v25c_ccs 
OAI22SKND8BWP16P90LVT              1      1.763    tcbn16ffcllbwp16p90lvttt0p8v25c_ccs 
OAI22SKPD0P75BWP16P90LVT           3      0.933    tcbn16ffcllbwp16p90lvttt0p8v25c_ccs 
OAI22SKPD1BWP16P90LVT            151     46.967    tcbn16ffcllbwp16p90lvttt0p8v25c_ccs 
OAI22SKPD3BWP16P90LVT              6      4.355    tcbn16ffcllbwp16p90lvttt0p8v25c_ccs 
OAI22SKPD4BWP16P90LVT              3      2.799    tcbn16ffcllbwp16p90lvttt0p8v25c_ccs 
OAI22SKPD6BWP16P90LVT              4      5.391    tcbn16ffcllbwp16p90lvttt0p8v25c_ccs 
OAI31D0BWP16P90LVT                 4      1.244    tcbn16ffcllbwp16p90lvttt0p8v25c_ccs 
OAI31D1BWP16P90LVT                14      4.355    tcbn16ffcllbwp16p90lvttt0p8v25c_ccs 
OAI31D1P5BWP16P90LVT               2      1.037    tcbn16ffcllbwp16p90lvttt0p8v25c_ccs 
OAI31D2BWP16P90LVT                 2      1.037    tcbn16ffcllbwp16p90lvttt0p8v25c_ccs 
OAI31D4BWP16P90LVT                 1      0.933    tcbn16ffcllbwp16p90lvttt0p8v25c_ccs 
OAI31SKND1BWP16P90LVT             14      4.355    tcbn16ffcllbwp16p90lvttt0p8v25c_ccs 
OAI31SKPD1BWP16P90LVT             95     29.549    tcbn16ffcllbwp16p90lvttt0p8v25c_ccs 
OAI31SKPD1P5BWP16P90LVT            1      0.518    tcbn16ffcllbwp16p90lvttt0p8v25c_ccs 
OAI31SKPD4BWP16P90LVT              1      0.933    tcbn16ffcllbwp16p90lvttt0p8v25c_ccs 
OAI32D0BWP16P90LVT                 1      0.363    tcbn16ffcllbwp16p90lvttt0p8v25c_ccs 
OAI32D1BWP16P90LVT                69     25.039    tcbn16ffcllbwp16p90lvttt0p8v25c_ccs 
OAI32D2BWP16P90LVT                 1      0.622    tcbn16ffcllbwp16p90lvttt0p8v25c_ccs 
OAI32D4BWP16P90LVT                 1      1.244    tcbn16ffcllbwp16p90lvttt0p8v25c_ccs 
OAI33D0BWP16P90LVT                 1      0.415    tcbn16ffcllbwp16p90lvttt0p8v25c_ccs 
OAI33D1BWP16P90LVT                 6      2.488    tcbn16ffcllbwp16p90lvttt0p8v25c_ccs 
OAOI211D1BWP16P90LVT              56     23.224    tcbn16ffcllbwp16p90lvttt0p8v25c_ccs 
OAOI211D2BWP16P90LVT               2      1.244    tcbn16ffcllbwp16p90lvttt0p8v25c_ccs 
OAOI211D4BWP16P90LVT               1      1.037    tcbn16ffcllbwp16p90lvttt0p8v25c_ccs 
OR2D0BWP16P90LVT                  42     10.886    tcbn16ffcllbwp16p90lvttt0p8v25c_ccs 
OR2D0P75BWP16P90LVT                9      2.333    tcbn16ffcllbwp16p90lvttt0p8v25c_ccs 
OR2D16BWP16P90LVT                  1      1.452    tcbn16ffcllbwp16p90lvttt0p8v25c_ccs 
OR2D1BWP16P90LVT                 967    250.646    tcbn16ffcllbwp16p90lvttt0p8v25c_ccs 
OR2D2BWP16P90LVT                  65     20.218    tcbn16ffcllbwp16p90lvttt0p8v25c_ccs 
OR2D3BWP16P90LVT                  16      5.806    tcbn16ffcllbwp16p90lvttt0p8v25c_ccs 
OR2D4BWP16P90LVT                  41     21.254    tcbn16ffcllbwp16p90lvttt0p8v25c_ccs 
OR2D8BWP16P90LVT                   6      4.977    tcbn16ffcllbwp16p90lvttt0p8v25c_ccs 
OR3D0BWP16P90LVT                   1      0.311    tcbn16ffcllbwp16p90lvttt0p8v25c_ccs 
OR3D0P75BWP16P90LVT                1      0.311    tcbn16ffcllbwp16p90lvttt0p8v25c_ccs 
OR3D1BWP16P90LVT                 216     67.185    tcbn16ffcllbwp16p90lvttt0p8v25c_ccs 
OR3D2BWP16P90LVT                  31     11.249    tcbn16ffcllbwp16p90lvttt0p8v25c_ccs 
OR3D3BWP16P90LVT                   2      0.829    tcbn16ffcllbwp16p90lvttt0p8v25c_ccs 
OR3D4BWP16P90LVT                   2      1.244    tcbn16ffcllbwp16p90lvttt0p8v25c_ccs 
OR4D0P75BWP16P90LVT                7      2.540    tcbn16ffcllbwp16p90lvttt0p8v25c_ccs 
OR4D1BWP16P90LVT                 850    308.448    tcbn16ffcllbwp16p90lvttt0p8v25c_ccs 
OR4D2BWP16P90LVT                  13      5.391    tcbn16ffcllbwp16p90lvttt0p8v25c_ccs 
OR4D3BWP16P90LVT                  17     12.338    tcbn16ffcllbwp16p90lvttt0p8v25c_ccs 
OR4D4BWP16P90LVT                   1      0.778    tcbn16ffcllbwp16p90lvttt0p8v25c_ccs 
OR4D6BWP16P90LVT                   1      1.037    tcbn16ffcllbwp16p90lvttt0p8v25c_ccs 
SDFCNQD0BWP16P90LVT              589    793.878    tcbn16ffcllbwp16p90lvttt0p8v25c_ccs 
SDFCNQD1BWP16P90LVT              383    516.223    tcbn16ffcllbwp16p90lvttt0p8v25c_ccs 
SDFCNQD2BWP16P90LVT             1631   2198.327    tcbn16ffcllbwp16p90lvttt0p8v25c_ccs 
SDFCNQD4BWP16P90LVT               23     36.962    tcbn16ffcllbwp16p90lvttt0p8v25c_ccs 
SDFCNQOPTBBD2BWP16P90LVT           3      5.132    tcbn16ffcllbwp16p90lvttt0p8v25c_ccs 
SDFSNQD2BWP16P90LVT                4      5.806    tcbn16ffcllbwp16p90lvttt0p8v25c_ccs 
SDFSNQOPTBBD4BWP16P90LVT           1      1.970    tcbn16ffcllbwp16p90lvttt0p8v25c_ccs 
SDFSYNCNQD2BWP16P90LVT            20     38.362    tcbn16ffcllbwp16p90lvttt0p8v25c_ccs 
XNR2D0BWP16P90LVT                  1      0.518    tcbn16ffcllbwp16p90lvttt0p8v25c_ccs 
XNR2D0P75BWP16P90LVT              31     16.070    tcbn16ffcllbwp16p90lvttt0p8v25c_ccs 
XNR2D1BWP16P90LVT               1037    537.581    tcbn16ffcllbwp16p90lvttt0p8v25c_ccs 
XNR2D2BWP16P90LVT                 11      6.273    tcbn16ffcllbwp16p90lvttt0p8v25c_ccs 
XNR2D3BWP16P90LVT                  2      1.244    tcbn16ffcllbwp16p90lvttt0p8v25c_ccs 
XNR2D4BWP16P90LVT                  9      7.932    tcbn16ffcllbwp16p90lvttt0p8v25c_ccs 
XNR2D6BWP16P90LVT                  2      2.074    tcbn16ffcllbwp16p90lvttt0p8v25c_ccs 
XNR2D8BWP16P90LVT                  3      4.666    tcbn16ffcllbwp16p90lvttt0p8v25c_ccs 
XNR3D1BWP16P90LVT                  1      0.985    tcbn16ffcllbwp16p90lvttt0p8v25c_ccs 
XNR3D2BWP16P90LVT                 47     46.293    tcbn16ffcllbwp16p90lvttt0p8v25c_ccs 
XNR3D4BWP16P90LVT                  2      3.007    tcbn16ffcllbwp16p90lvttt0p8v25c_ccs 
XOR2D0BWP16P90LVT                  1      0.518    tcbn16ffcllbwp16p90lvttt0p8v25c_ccs 
XOR2D0P75BWP16P90LVT              41     21.254    tcbn16ffcllbwp16p90lvttt0p8v25c_ccs 
XOR2D1BWP16P90LVT                117     60.653    tcbn16ffcllbwp16p90lvttt0p8v25c_ccs 
XOR2D2BWP16P90LVT                  1      0.570    tcbn16ffcllbwp16p90lvttt0p8v25c_ccs 
XOR2D3BWP16P90LVT                  3      1.866    tcbn16ffcllbwp16p90lvttt0p8v25c_ccs 
XOR2D4BWP16P90LVT                 18     15.863    tcbn16ffcllbwp16p90lvttt0p8v25c_ccs 
XOR2D6BWP16P90LVT                  1      1.037    tcbn16ffcllbwp16p90lvttt0p8v25c_ccs 
XOR2D8BWP16P90LVT                  9     13.997    tcbn16ffcllbwp16p90lvttt0p8v25c_ccs 
XOR3D2BWP16P90LVT                 32     31.519    tcbn16ffcllbwp16p90lvttt0p8v25c_ccs 
XOR3D4BWP16P90LVT                  3      4.510    tcbn16ffcllbwp16p90lvttt0p8v25c_ccs 
XOR4D1BWP16P90LVT                  1      1.348    tcbn16ffcllbwp16p90lvttt0p8v25c_ccs 
XOR4D2BWP16P90LVT                  1      1.400    tcbn16ffcllbwp16p90lvttt0p8v25c_ccs 
---------------------------------------------------------------------------------------
total                         141868  61800.434                                        


                                          
     Type      Instances    Area   Area % 
------------------------------------------
sequential         15455 18311.028   29.6 
inverter           14595  2721.807    4.4 
buffer              5299  1807.764    2.9 
unresolved             6     0.000    0.0 
logic             106519 38959.834   63.0 
physical_cells         0     0.000    0.0 
------------------------------------------
total             141874 61800.434  100.0 

