============================================================
  Generated by:           Genus(TM) Synthesis Solution 23.11-s100_1
  Generated on:           Dec 25 2025  10:45:25 am
  Module:                 rv32i_superscalar_core
  Operating conditions:   tt0p8v25c 
  Interconnect mode:      global
  Area mode:              physical library
============================================================

Timing
--------

Clock Period 
-------------
clk   1000.0 


  Cost    Critical         Violating 
 Group   Path Slack  TNS     Paths   
-------------------------------------
clk             0.0   0.0          0 
default    No paths   0.0            
-------------------------------------
Total                 0.0          0 

Instance Count
--------------
Leaf Instance Count             141868 
Physical Instance count              0 
Sequential Instance Count        15455 
Combinational Instance Count    126413 
Hierarchical Instance Count         10 

Area
----
Cell Area                          61800.434
Physical Cell Area                 0.000
Total Cell Area (Cell+Physical)    61800.434
Net Area                           35351.111
Total Area (Cell+Physical+Net)     97151.545

Max Fanout                         15455 (clk)
Min Fanout                         0 (cdb_interface_cdb_correct_pc_0[31])
Average Fanout                     3.2
Terms to net ratio                 4.3377
Terms to instance ratio            4.3823
Runtime                            7192.242569 seconds
Elapsed Runtime                    7022 seconds
Genus peak memory usage            3900.69 
Innovus peak memory usage          no_value 
Hostname                           cfl08004.engus1.analog.com
