============================================================
  Generated by:           Genus(TM) Synthesis Solution 23.11-s100_1
  Generated on:           Dec 25 2025  10:44:59 am
  Module:                 rv32i_superscalar_core
  Operating conditions:   tt0p8v25c 
  Interconnect mode:      global
  Area mode:              physical library
============================================================


Path 1: MET (0 ps) Setup Check with Pin issue_stage_unit_rat_inst_brat_buffer/rat_snapshot_mem_reg[13][28][2]/CP->D
          Group: clk
     Startpoint: (R) dispatch_stage_unit/lsq_head_ptr_2_0_reg[1]/CP
          Clock: (R) clk
       Endpoint: (R) issue_stage_unit_rat_inst_brat_buffer/rat_snapshot_mem_reg[13][28][2]/D
          Clock: (R) clk

                     Capture       Launch     
        Clock Edge:+    1000            0     
       Src Latency:+       0            0     
       Net Latency:+       0 (I)        0 (I) 
           Arrival:=    1000            0     
                                              
             Setup:-      13                  
       Uncertainty:-      50                  
     Required Time:=     937                  
      Launch Clock:-       0                  
         Data Path:-     937                  
             Slack:=       0                  

#----------------------------------------------------------------------------------------------------------------------------------------------------------------
#                              Timing Point                               Flags    Arc   Edge           Cell            Fanout Load Trans Delay Arrival Instance 
#                                                                                                                              (fF)  (ps)  (ps)   (ps)  Location 
#----------------------------------------------------------------------------------------------------------------------------------------------------------------
  dispatch_stage_unit/lsq_head_ptr_2_0_reg[1]/CP                          -       -      R     (arrival)                 15455    -    50     0       0    (-,-) 
  dispatch_stage_unit/lsq_head_ptr_2_0_reg[1]/Q                           -       CP->Q  F     SDFSNQOPTBBD4BWP16P90LVT      9 15.5    16    67      67    (-,-) 
  dispatch_stage_unit/g3379/ZN                                            -       I->ZN  R     CKND10BWP16P90LVT             4 14.5     9     9      76    (-,-) 
  dispatch_stage_unit/g3378/ZN                                            -       I->ZN  F     INVSKND18BWP16P90LVT         13 50.4    12    11      86    (-,-) 
  dispatch_stage_unit/g848962/ZN                                          -       A1->ZN F     INR2D8BWP16P90LVT             4 10.3     9    17     104    (-,-) 
  dispatch_stage_unit/g848976/ZN                                          -       A1->ZN R     ND2D4BWP16P90LVT              3  6.1     9     8     112    (-,-) 
  dispatch_stage_unit/g61674/ZN                                           -       I->ZN  F     CKND3BWP16P90LVT             11 11.4    14    13     124    (-,-) 
  dispatch_stage_unit/g61673/Z                                            -       I->Z   F     BUFFD2BWP16P90LVT             7  7.4    14    20     144    (-,-) 
  dispatch_stage_unit/g59791/ZN                                           -       B1->ZN R     AOI22D1BWP16P90LVT            1  2.0    19    17     162    (-,-) 
  dispatch_stage_unit/g58768/ZN                                           -       A3->ZN F     ND4D2BWP16P90LVT              1  1.5    18    20     181    (-,-) 
  dispatch_stage_unit/g58476/ZN                                           -       A2->ZN R     CKNR2D1BWP16P90LVT            1  2.5    15    16     197    (-,-) 
  dispatch_stage_unit/g58307/ZN                                           -       A1->ZN F     ND2D3BWP16P90LVT              4  4.4    12    12     209    (-,-) 
  dispatch_stage_unit/g58249/ZN                                           -       I->ZN  R     INVSKND2BWP16P90LVT           2  2.4     8     8     218    (-,-) 
  dispatch_stage_unit/g58164/ZN                                           -       A2->ZN F     AOI22SKPD1BWP16P90LVT         1  1.3    20    13     231    (-,-) 
  dispatch_stage_unit/g58091/ZN                                           -       A3->ZN R     ND4SKNBD1BWP16P90LVT          1  3.0    28    24     254    (-,-) 
  dispatch_stage_unit/g861125/ZN                                          -       A3->ZN F     NR3OPTPAD2BWP16P90LVT         1  3.5    14    16     270    (-,-) 
  dispatch_stage_unit/g863317/ZN                                          -       A1->ZN R     ND2SKNBD6BWP16P90LVT          6  7.9    15    12     282    (-,-) 
  dispatch_stage_unit/g58004/ZN                                           -       A1->ZN F     OAI21D3BWP16P90LVT            3  4.7    15    14     296    (-,-) 
  dispatch_stage_unit/g58001/ZN                                           -       I->ZN  R     CKND3BWP16P90LVT              2  3.0     7     8     303    (-,-) 
  dispatch_stage_unit/g57978/ZN                                           -       B->ZN  F     IOA21D2BWP16P90LVT            3  3.8    14    12     315    (-,-) 
  dispatch_stage_unit/g57948/Z                                            -       A3->Z  F     OR3D1BWP16P90LVT              2  2.3    12    22     337    (-,-) 
  dispatch_stage_unit/g860163/Z                                           -       A1->Z  F     AN3D1BWP16P90LVT              1  2.1     9    16     353    (-,-) 
  dispatch_stage_unit/g860162/ZN                                          -       A2->ZN F     IAO21D4BWP16P90LVT            2  5.9    10    20     373    (-,-) 
  dispatch_stage_unit/g57907/ZN                                           -       B1->ZN R     IND2D8BWP16P90LVT            10 15.7    11    10     383    (-,-) 
  dispatch_stage_unit/g860127/ZN                                          -       B1->ZN F     IND2OPTPBD8BWP16P90LVT        5  7.9     9     9     392    (-,-) 
  dispatch_stage_unit/g25788/Z                                            -       A4->Z  F     OR4D3BWP16P90LVT              2  3.0     9    21     413    (-,-) 
  dispatch_stage_unit/g25154/ZN                                           -       A1->ZN R     ND2D2BWP16P90LVT              1  2.7     9     8     420    (-,-) 
  dispatch_stage_unit/g25101/ZN                                           -       A1->ZN F     CKNR2D4BWP16P90LVT            3  4.4    14     9     429    (-,-) 
  dispatch_stage_unit/g24853/ZN                                           -       B->ZN  R     OAI21D2BWP16P90LVT            1  1.9    13     8     438    (-,-) 
  dispatch_stage_unit/g24810/ZN                                           -       B->ZN  F     AOI21D2BWP16P90LVT            1  2.6    18    10     447    (-,-) 
  dispatch_stage_unit/g863509/ZN                                          -       A2->ZN R     ND2SKND3BWP16P90LVT           2  3.7    11    11     459    (-,-) 
  dispatch_stage_unit/g863508/ZN                                          -       A1->ZN F     CKND2D4BWP16P90LVT            1  3.4    10     8     467    (-,-) 
  dispatch_stage_unit/g24748/ZN                                           -       B1->ZN R     IOA22D4BWP16P90LVT            1  3.5    12    11     478    (-,-) 
  dispatch_stage_unit/g863393/ZN                                          -       A1->ZN F     ND2SKNBD6BWP16P90LVT          1  4.0     8     8     486    (-,-) 
  dispatch_stage_unit/g24740/ZN                                           -       A1->ZN R     ND2D6BWP16P90LVT              4  9.6    14     8     494    (-,-) 
  g39226/ZN                                                               -       B1->ZN F     IND2OPTPBD8BWP16P90LVT        4 14.2    13    12     507    (-,-) 
  g39222/ZN                                                               -       A1->ZN R     NR2SKPBD12BWP16P90LVT         7 15.4    13    11     518    (-,-) 
  g39182/ZN                                                               -       A1->ZN F     CKND2D8BWP16P90LVT            4  9.2    10    10     528    (-,-) 
  g39032/ZN                                                               -       A1->ZN R     NR2D6BWP16P90LVT              4  9.0    14    11     540    (-,-) 
  g38845/ZN                                                               -       A1->ZN F     AOI21D2BWP16P90LVT            1  2.9    17    15     554    (-,-) 
  g38832/ZN                                                               -       A1->ZN R     ND2D4BWP16P90LVT              4  9.7    12    12     566    (-,-) 
  g38790/ZN                                                               -       B1->ZN F     IND2D2BWP16P90LVT             3  4.5    15    13     579    (-,-) 
  g38776/ZN                                                               -       I->ZN  R     CKND2BWP16P90LVT              3  5.7    12    12     591    (-,-) 
  g38644/ZN                                                               -       A1->ZN F     ND2OPTPBD2BWP16P90LVT         3  5.1    16    14     605    (-,-) 
  g38582/ZN                                                               -       A1->ZN R     NR2OPTPBD4BWP16P90LVT         9  9.7    17    15     620    (-,-) 
  fopt39942/Z                                                             -       I->Z   R     BUFFD2BWP16P90LVT            12 12.4    22    25     646    (-,-) 
  g38203/ZN                                                               -       A1->ZN F     AOI22SKPD1BWP16P90LVT         1  1.3    21    16     661    (-,-) 
  g37899/ZN                                                               -       A3->ZN R     ND4SKNBD1BWP16P90LVT          1  1.4    20    18     679    (-,-) 
  g37360/Z                                                                -       A3->Z  R     OR3D2BWP16P90LVT              5  5.4    11    21     700    (-,-) 
  g37305/Z                                                                -       A1->Z  R     OR2D2BWP16P90LVT              3  3.7     8    16     716    (-,-) 
  g37232/Z                                                                -       A2->Z  R     OA21D2BWP16P90LVT             2  6.6    14    24     740    (-,-) 
  g37216/ZN                                                               -       A1->ZN F     AOI21D8BWP16P90LVT           10 19.0    20    17     757    (-,-) 
  issue_stage_unit_rat_inst_brat_buffer/g1450754/ZN                       -       A2->ZN F     IAO22D4BWP16P90LVT            2  5.6    16    22     779    (-,-) 
  issue_stage_unit_rat_inst_brat_buffer/g1450215/ZN                       -       A1->ZN R     NR2D4BWP16P90LVT              2  3.1    14    10     789    (-,-) 
  issue_stage_unit_rat_inst_brat_buffer/g1463476/ZN                       -       A1->ZN R     INR2D2BWP16P90LVT             4  5.4    17    23     812    (-,-) 
  issue_stage_unit_rat_inst_brat_buffer/g1449162/ZN                       -       A1->ZN F     ND2SKNBD2BWP16P90LVT          2  3.7    14    13     825    (-,-) 
  issue_stage_unit_rat_inst_brat_buffer/fopt1464132/Z                     -       I->Z   F     BUFFD2BWP16P90LVT             5 12.0    21    24     849    (-,-) 
  issue_stage_unit_rat_inst_brat_buffer/fopt1464117/ZN                    -       I->ZN  R     CKND5BWP16P90LVT              1  2.0     6     6     855    (-,-) 
  issue_stage_unit_rat_inst_brat_buffer/drc_buf_sp1477172/Z               -       I->Z   R     BUFFSKND4BWP16P90LVT          4  6.9     9    14     869    (-,-) 
  issue_stage_unit_rat_inst_brat_buffer/drc_buf_sp1477170/Z               -       I->Z   R     BUFFSKND4BWP16P90LVT          5  5.5     8    14     883    (-,-) 
  issue_stage_unit_rat_inst_brat_buffer/fopt1464115/Z                     -       I->Z   R     BUFFD1BWP16P90LVT             8  8.4    28    24     907    (-,-) 
  issue_stage_unit_rat_inst_brat_buffer/g1438635/ZN                       -       B2->ZN F     AOI22SKND1BWP16P90LVT         1  1.4    23    17     925    (-,-) 
  issue_stage_unit_rat_inst_brat_buffer/g1436471/ZN                       -       C->ZN  R     AOAI211D1BWP16P90LVT          1  1.5    22    13     937    (-,-) 
  issue_stage_unit_rat_inst_brat_buffer/rat_snapshot_mem_reg[13][28][2]/D -       -      R     DFCNQD1BWP16P90LVT            1    -     -     0     937    (-,-) 
#----------------------------------------------------------------------------------------------------------------------------------------------------------------



Path 2: MET (0 ps) Setup Check with Pin issue_stage_unit_rat_inst_brat_buffer/rat_snapshot_mem_reg[8][14][5]/CP->D
          Group: clk
     Startpoint: (R) dispatch_stage_unit/lsq_head_ptr_2_0_reg[1]/CP
          Clock: (R) clk
       Endpoint: (R) issue_stage_unit_rat_inst_brat_buffer/rat_snapshot_mem_reg[8][14][5]/D
          Clock: (R) clk

                     Capture       Launch     
        Clock Edge:+    1000            0     
       Src Latency:+       0            0     
       Net Latency:+       0 (I)        0 (I) 
           Arrival:=    1000            0     
                                              
             Setup:-      12                  
       Uncertainty:-      50                  
     Required Time:=     938                  
      Launch Clock:-       0                  
         Data Path:-     938                  
             Slack:=       0                  

#---------------------------------------------------------------------------------------------------------------------------------------------------------------
#                             Timing Point                               Flags    Arc   Edge           Cell            Fanout Load Trans Delay Arrival Instance 
#                                                                                                                             (fF)  (ps)  (ps)   (ps)  Location 
#---------------------------------------------------------------------------------------------------------------------------------------------------------------
  dispatch_stage_unit/lsq_head_ptr_2_0_reg[1]/CP                         -       -      R     (arrival)                 15455    -    50     0       0    (-,-) 
  dispatch_stage_unit/lsq_head_ptr_2_0_reg[1]/Q                          -       CP->Q  F     SDFSNQOPTBBD4BWP16P90LVT      9 15.5    16    67      67    (-,-) 
  dispatch_stage_unit/g3379/ZN                                           -       I->ZN  R     CKND10BWP16P90LVT             4 14.5     9     9      76    (-,-) 
  dispatch_stage_unit/g3378/ZN                                           -       I->ZN  F     INVSKND18BWP16P90LVT         13 50.4    12    11      86    (-,-) 
  dispatch_stage_unit/g848962/ZN                                         -       A1->ZN F     INR2D8BWP16P90LVT             4 10.3     9    17     104    (-,-) 
  dispatch_stage_unit/g848976/ZN                                         -       A1->ZN R     ND2D4BWP16P90LVT              3  6.1     9     8     112    (-,-) 
  dispatch_stage_unit/g61674/ZN                                          -       I->ZN  F     CKND3BWP16P90LVT             11 11.4    14    13     124    (-,-) 
  dispatch_stage_unit/g61673/Z                                           -       I->Z   F     BUFFD2BWP16P90LVT             7  7.4    14    20     144    (-,-) 
  dispatch_stage_unit/g59791/ZN                                          -       B1->ZN R     AOI22D1BWP16P90LVT            1  2.0    19    17     162    (-,-) 
  dispatch_stage_unit/g58768/ZN                                          -       A3->ZN F     ND4D2BWP16P90LVT              1  1.5    18    20     181    (-,-) 
  dispatch_stage_unit/g58476/ZN                                          -       A2->ZN R     CKNR2D1BWP16P90LVT            1  2.5    15    16     197    (-,-) 
  dispatch_stage_unit/g58307/ZN                                          -       A1->ZN F     ND2D3BWP16P90LVT              4  4.4    12    12     209    (-,-) 
  dispatch_stage_unit/g58249/ZN                                          -       I->ZN  R     INVSKND2BWP16P90LVT           2  2.4     8     8     218    (-,-) 
  dispatch_stage_unit/g58164/ZN                                          -       A2->ZN F     AOI22SKPD1BWP16P90LVT         1  1.3    20    13     231    (-,-) 
  dispatch_stage_unit/g58091/ZN                                          -       A3->ZN R     ND4SKNBD1BWP16P90LVT          1  3.0    28    24     254    (-,-) 
  dispatch_stage_unit/g861125/ZN                                         -       A3->ZN F     NR3OPTPAD2BWP16P90LVT         1  3.5    14    16     270    (-,-) 
  dispatch_stage_unit/g863317/ZN                                         -       A1->ZN R     ND2SKNBD6BWP16P90LVT          6  7.9    15    12     282    (-,-) 
  dispatch_stage_unit/g58004/ZN                                          -       A1->ZN F     OAI21D3BWP16P90LVT            3  4.7    15    14     296    (-,-) 
  dispatch_stage_unit/g58001/ZN                                          -       I->ZN  R     CKND3BWP16P90LVT              2  3.0     7     8     303    (-,-) 
  dispatch_stage_unit/g57978/ZN                                          -       B->ZN  F     IOA21D2BWP16P90LVT            3  3.8    14    12     315    (-,-) 
  dispatch_stage_unit/g57948/Z                                           -       A3->Z  F     OR3D1BWP16P90LVT              2  2.3    12    22     337    (-,-) 
  dispatch_stage_unit/g860163/Z                                          -       A1->Z  F     AN3D1BWP16P90LVT              1  2.1     9    16     353    (-,-) 
  dispatch_stage_unit/g860162/ZN                                         -       A2->ZN F     IAO21D4BWP16P90LVT            2  5.9    10    20     373    (-,-) 
  dispatch_stage_unit/g57907/ZN                                          -       B1->ZN R     IND2D8BWP16P90LVT            10 15.7    11    10     383    (-,-) 
  dispatch_stage_unit/g860127/ZN                                         -       B1->ZN F     IND2OPTPBD8BWP16P90LVT        5  7.9     9     9     392    (-,-) 
  dispatch_stage_unit/g25788/Z                                           -       A4->Z  F     OR4D3BWP16P90LVT              2  3.0     9    21     413    (-,-) 
  dispatch_stage_unit/g25154/ZN                                          -       A1->ZN R     ND2D2BWP16P90LVT              1  2.7     9     8     420    (-,-) 
  dispatch_stage_unit/g25101/ZN                                          -       A1->ZN F     CKNR2D4BWP16P90LVT            3  4.4    14     9     429    (-,-) 
  dispatch_stage_unit/g24853/ZN                                          -       B->ZN  R     OAI21D2BWP16P90LVT            1  1.9    13     8     438    (-,-) 
  dispatch_stage_unit/g24810/ZN                                          -       B->ZN  F     AOI21D2BWP16P90LVT            1  2.6    18    10     447    (-,-) 
  dispatch_stage_unit/g863509/ZN                                         -       A2->ZN R     ND2SKND3BWP16P90LVT           2  3.7    11    11     459    (-,-) 
  dispatch_stage_unit/g863508/ZN                                         -       A1->ZN F     CKND2D4BWP16P90LVT            1  3.4    10     8     467    (-,-) 
  dispatch_stage_unit/g24748/ZN                                          -       B1->ZN R     IOA22D4BWP16P90LVT            1  3.5    12    11     478    (-,-) 
  dispatch_stage_unit/g863393/ZN                                         -       A1->ZN F     ND2SKNBD6BWP16P90LVT          1  4.0     8     8     486    (-,-) 
  dispatch_stage_unit/g24740/ZN                                          -       A1->ZN R     ND2D6BWP16P90LVT              4  9.6    14     8     494    (-,-) 
  g39226/ZN                                                              -       B1->ZN F     IND2OPTPBD8BWP16P90LVT        4 14.2    13    12     507    (-,-) 
  g39222/ZN                                                              -       A1->ZN R     NR2SKPBD12BWP16P90LVT         7 15.4    13    11     518    (-,-) 
  g39182/ZN                                                              -       A1->ZN F     CKND2D8BWP16P90LVT            4  9.2    10    10     528    (-,-) 
  g39032/ZN                                                              -       A1->ZN R     NR2D6BWP16P90LVT              4  9.0    14    11     540    (-,-) 
  g38845/ZN                                                              -       A1->ZN F     AOI21D2BWP16P90LVT            1  2.9    17    15     554    (-,-) 
  g38832/ZN                                                              -       A1->ZN R     ND2D4BWP16P90LVT              4  9.7    12    12     566    (-,-) 
  g38790/ZN                                                              -       B1->ZN F     IND2D2BWP16P90LVT             3  4.5    15    13     579    (-,-) 
  g38776/ZN                                                              -       I->ZN  R     CKND2BWP16P90LVT              3  5.7    12    12     591    (-,-) 
  g38644/ZN                                                              -       A1->ZN F     ND2OPTPBD2BWP16P90LVT         3  5.1    16    14     605    (-,-) 
  g38582/ZN                                                              -       A1->ZN R     NR2OPTPBD4BWP16P90LVT         9  9.7    17    15     620    (-,-) 
  fopt39942/Z                                                            -       I->Z   R     BUFFD2BWP16P90LVT            12 12.4    22    25     646    (-,-) 
  g38203/ZN                                                              -       A1->ZN F     AOI22SKPD1BWP16P90LVT         1  1.3    21    16     661    (-,-) 
  g37899/ZN                                                              -       A3->ZN R     ND4SKNBD1BWP16P90LVT          1  1.4    20    18     679    (-,-) 
  g37360/Z                                                               -       A3->Z  R     OR3D2BWP16P90LVT              5  5.4    11    21     700    (-,-) 
  g37305/Z                                                               -       A1->Z  R     OR2D2BWP16P90LVT              3  3.7     8    16     716    (-,-) 
  g37232/Z                                                               -       A2->Z  R     OA21D2BWP16P90LVT             2  6.6    14    24     740    (-,-) 
  g37216/ZN                                                              -       A1->ZN F     AOI21D8BWP16P90LVT           10 19.0    20    17     757    (-,-) 
  issue_stage_unit_rat_inst_brat_buffer/g1450754/ZN                      -       A2->ZN F     IAO22D4BWP16P90LVT            2  5.6    16    22     779    (-,-) 
  issue_stage_unit_rat_inst_brat_buffer/g1450210/ZN                      -       B1->ZN R     IND2D4BWP16P90LVT             2  3.0     8     7     787    (-,-) 
  issue_stage_unit_rat_inst_brat_buffer/g1463475/ZN                      -       A1->ZN R     IND2D2BWP16P90LVT             4  4.8    12    17     804    (-,-) 
  issue_stage_unit_rat_inst_brat_buffer/g1463231/ZN                      -       A1->ZN R     IND2D2BWP16P90LVT             2  4.2    11    17     821    (-,-) 
  issue_stage_unit_rat_inst_brat_buffer/g25/ZN                           -       A1->ZN F     ND3SKNBD4BWP16P90LVT          3  5.2    16    12     834    (-,-) 
  issue_stage_unit_rat_inst_brat_buffer/g1448544/ZN                      -       I->ZN  R     INVSKPD2BWP16P90LVT           1  3.3     9     9     843    (-,-) 
  issue_stage_unit_rat_inst_brat_buffer/g1448537/ZN                      -       I->ZN  F     CKND4BWP16P90LVT              8 10.9    11    10     853    (-,-) 
  issue_stage_unit_rat_inst_brat_buffer/g1448518/Z                       -       I->Z   F     BUFFD8BWP16P90LVT            15 24.7    13    20     873    (-,-) 
  issue_stage_unit_rat_inst_brat_buffer/g1448524/ZN                      -       I->ZN  R     CKND5BWP16P90LVT             16 21.0    17    14     887    (-,-) 
  issue_stage_unit_rat_inst_brat_buffer/g1440747/ZN                      -       B->ZN  F     OAI21D2BWP16P90LVT            4  5.8    20    17     905    (-,-) 
  issue_stage_unit_rat_inst_brat_buffer/g1439873/ZN                      -       I->ZN  R     CKND1BWP16P90LVT              3  3.7    16    15     920    (-,-) 
  issue_stage_unit_rat_inst_brat_buffer/g1438134/ZN                      -       A1->ZN R     IOA21D1BWP16P90LVT            1  1.5    11    18     938    (-,-) 
  issue_stage_unit_rat_inst_brat_buffer/rat_snapshot_mem_reg[8][14][5]/D -       -      R     DFCNQD2BWP16P90LVT            1    -     -     0     938    (-,-) 
#---------------------------------------------------------------------------------------------------------------------------------------------------------------



Path 3: MET (0 ps) Setup Check with Pin issue_stage_unit_rat_inst_brat_buffer/rat_snapshot_mem_reg[8][14][4]/CP->D
          Group: clk
     Startpoint: (R) dispatch_stage_unit/lsq_head_ptr_2_0_reg[1]/CP
          Clock: (R) clk
       Endpoint: (R) issue_stage_unit_rat_inst_brat_buffer/rat_snapshot_mem_reg[8][14][4]/D
          Clock: (R) clk

                     Capture       Launch     
        Clock Edge:+    1000            0     
       Src Latency:+       0            0     
       Net Latency:+       0 (I)        0 (I) 
           Arrival:=    1000            0     
                                              
             Setup:-      12                  
       Uncertainty:-      50                  
     Required Time:=     938                  
      Launch Clock:-       0                  
         Data Path:-     938                  
             Slack:=       0                  

#---------------------------------------------------------------------------------------------------------------------------------------------------------------
#                             Timing Point                               Flags    Arc   Edge           Cell            Fanout Load Trans Delay Arrival Instance 
#                                                                                                                             (fF)  (ps)  (ps)   (ps)  Location 
#---------------------------------------------------------------------------------------------------------------------------------------------------------------
  dispatch_stage_unit/lsq_head_ptr_2_0_reg[1]/CP                         -       -      R     (arrival)                 15455    -    50     0       0    (-,-) 
  dispatch_stage_unit/lsq_head_ptr_2_0_reg[1]/Q                          -       CP->Q  F     SDFSNQOPTBBD4BWP16P90LVT      9 15.5    16    67      67    (-,-) 
  dispatch_stage_unit/g3379/ZN                                           -       I->ZN  R     CKND10BWP16P90LVT             4 14.5     9     9      76    (-,-) 
  dispatch_stage_unit/g3378/ZN                                           -       I->ZN  F     INVSKND18BWP16P90LVT         13 50.4    12    11      86    (-,-) 
  dispatch_stage_unit/g848962/ZN                                         -       A1->ZN F     INR2D8BWP16P90LVT             4 10.3     9    17     104    (-,-) 
  dispatch_stage_unit/g848976/ZN                                         -       A1->ZN R     ND2D4BWP16P90LVT              3  6.1     9     8     112    (-,-) 
  dispatch_stage_unit/g61674/ZN                                          -       I->ZN  F     CKND3BWP16P90LVT             11 11.4    14    13     124    (-,-) 
  dispatch_stage_unit/g61673/Z                                           -       I->Z   F     BUFFD2BWP16P90LVT             7  7.4    14    20     144    (-,-) 
  dispatch_stage_unit/g59791/ZN                                          -       B1->ZN R     AOI22D1BWP16P90LVT            1  2.0    19    17     162    (-,-) 
  dispatch_stage_unit/g58768/ZN                                          -       A3->ZN F     ND4D2BWP16P90LVT              1  1.5    18    20     181    (-,-) 
  dispatch_stage_unit/g58476/ZN                                          -       A2->ZN R     CKNR2D1BWP16P90LVT            1  2.5    15    16     197    (-,-) 
  dispatch_stage_unit/g58307/ZN                                          -       A1->ZN F     ND2D3BWP16P90LVT              4  4.4    12    12     209    (-,-) 
  dispatch_stage_unit/g58249/ZN                                          -       I->ZN  R     INVSKND2BWP16P90LVT           2  2.4     8     8     218    (-,-) 
  dispatch_stage_unit/g58164/ZN                                          -       A2->ZN F     AOI22SKPD1BWP16P90LVT         1  1.3    20    13     231    (-,-) 
  dispatch_stage_unit/g58091/ZN                                          -       A3->ZN R     ND4SKNBD1BWP16P90LVT          1  3.0    28    24     254    (-,-) 
  dispatch_stage_unit/g861125/ZN                                         -       A3->ZN F     NR3OPTPAD2BWP16P90LVT         1  3.5    14    16     270    (-,-) 
  dispatch_stage_unit/g863317/ZN                                         -       A1->ZN R     ND2SKNBD6BWP16P90LVT          6  7.9    15    12     282    (-,-) 
  dispatch_stage_unit/g58004/ZN                                          -       A1->ZN F     OAI21D3BWP16P90LVT            3  4.7    15    14     296    (-,-) 
  dispatch_stage_unit/g58001/ZN                                          -       I->ZN  R     CKND3BWP16P90LVT              2  3.0     7     8     303    (-,-) 
  dispatch_stage_unit/g57978/ZN                                          -       B->ZN  F     IOA21D2BWP16P90LVT            3  3.8    14    12     315    (-,-) 
  dispatch_stage_unit/g57948/Z                                           -       A3->Z  F     OR3D1BWP16P90LVT              2  2.3    12    22     337    (-,-) 
  dispatch_stage_unit/g860163/Z                                          -       A1->Z  F     AN3D1BWP16P90LVT              1  2.1     9    16     353    (-,-) 
  dispatch_stage_unit/g860162/ZN                                         -       A2->ZN F     IAO21D4BWP16P90LVT            2  5.9    10    20     373    (-,-) 
  dispatch_stage_unit/g57907/ZN                                          -       B1->ZN R     IND2D8BWP16P90LVT            10 15.7    11    10     383    (-,-) 
  dispatch_stage_unit/g860127/ZN                                         -       B1->ZN F     IND2OPTPBD8BWP16P90LVT        5  7.9     9     9     392    (-,-) 
  dispatch_stage_unit/g25788/Z                                           -       A4->Z  F     OR4D3BWP16P90LVT              2  3.0     9    21     413    (-,-) 
  dispatch_stage_unit/g25154/ZN                                          -       A1->ZN R     ND2D2BWP16P90LVT              1  2.7     9     8     420    (-,-) 
  dispatch_stage_unit/g25101/ZN                                          -       A1->ZN F     CKNR2D4BWP16P90LVT            3  4.4    14     9     429    (-,-) 
  dispatch_stage_unit/g24853/ZN                                          -       B->ZN  R     OAI21D2BWP16P90LVT            1  1.9    13     8     438    (-,-) 
  dispatch_stage_unit/g24810/ZN                                          -       B->ZN  F     AOI21D2BWP16P90LVT            1  2.6    18    10     447    (-,-) 
  dispatch_stage_unit/g863509/ZN                                         -       A2->ZN R     ND2SKND3BWP16P90LVT           2  3.7    11    11     459    (-,-) 
  dispatch_stage_unit/g863508/ZN                                         -       A1->ZN F     CKND2D4BWP16P90LVT            1  3.4    10     8     467    (-,-) 
  dispatch_stage_unit/g24748/ZN                                          -       B1->ZN R     IOA22D4BWP16P90LVT            1  3.5    12    11     478    (-,-) 
  dispatch_stage_unit/g863393/ZN                                         -       A1->ZN F     ND2SKNBD6BWP16P90LVT          1  4.0     8     8     486    (-,-) 
  dispatch_stage_unit/g24740/ZN                                          -       A1->ZN R     ND2D6BWP16P90LVT              4  9.6    14     8     494    (-,-) 
  g39226/ZN                                                              -       B1->ZN F     IND2OPTPBD8BWP16P90LVT        4 14.2    13    12     507    (-,-) 
  g39222/ZN                                                              -       A1->ZN R     NR2SKPBD12BWP16P90LVT         7 15.4    13    11     518    (-,-) 
  g39182/ZN                                                              -       A1->ZN F     CKND2D8BWP16P90LVT            4  9.2    10    10     528    (-,-) 
  g39032/ZN                                                              -       A1->ZN R     NR2D6BWP16P90LVT              4  9.0    14    11     540    (-,-) 
  g38845/ZN                                                              -       A1->ZN F     AOI21D2BWP16P90LVT            1  2.9    17    15     554    (-,-) 
  g38832/ZN                                                              -       A1->ZN R     ND2D4BWP16P90LVT              4  9.7    12    12     566    (-,-) 
  g38790/ZN                                                              -       B1->ZN F     IND2D2BWP16P90LVT             3  4.5    15    13     579    (-,-) 
  g38776/ZN                                                              -       I->ZN  R     CKND2BWP16P90LVT              3  5.7    12    12     591    (-,-) 
  g38644/ZN                                                              -       A1->ZN F     ND2OPTPBD2BWP16P90LVT         3  5.1    16    14     605    (-,-) 
  g38582/ZN                                                              -       A1->ZN R     NR2OPTPBD4BWP16P90LVT         9  9.7    17    15     620    (-,-) 
  fopt39942/Z                                                            -       I->Z   R     BUFFD2BWP16P90LVT            12 12.4    22    25     646    (-,-) 
  g38203/ZN                                                              -       A1->ZN F     AOI22SKPD1BWP16P90LVT         1  1.3    21    16     661    (-,-) 
  g37899/ZN                                                              -       A3->ZN R     ND4SKNBD1BWP16P90LVT          1  1.4    20    18     679    (-,-) 
  g37360/Z                                                               -       A3->Z  R     OR3D2BWP16P90LVT              5  5.4    11    21     700    (-,-) 
  g37305/Z                                                               -       A1->Z  R     OR2D2BWP16P90LVT              3  3.7     8    16     716    (-,-) 
  g37232/Z                                                               -       A2->Z  R     OA21D2BWP16P90LVT             2  6.6    14    24     740    (-,-) 
  g37216/ZN                                                              -       A1->ZN F     AOI21D8BWP16P90LVT           10 19.0    20    17     757    (-,-) 
  issue_stage_unit_rat_inst_brat_buffer/g1450754/ZN                      -       A2->ZN F     IAO22D4BWP16P90LVT            2  5.6    16    22     779    (-,-) 
  issue_stage_unit_rat_inst_brat_buffer/g1450210/ZN                      -       B1->ZN R     IND2D4BWP16P90LVT             2  3.0     8     7     787    (-,-) 
  issue_stage_unit_rat_inst_brat_buffer/g1463475/ZN                      -       A1->ZN R     IND2D2BWP16P90LVT             4  4.8    12    17     804    (-,-) 
  issue_stage_unit_rat_inst_brat_buffer/g1463231/ZN                      -       A1->ZN R     IND2D2BWP16P90LVT             2  4.2    11    17     821    (-,-) 
  issue_stage_unit_rat_inst_brat_buffer/g25/ZN                           -       A1->ZN F     ND3SKNBD4BWP16P90LVT          3  5.2    16    12     834    (-,-) 
  issue_stage_unit_rat_inst_brat_buffer/g1448544/ZN                      -       I->ZN  R     INVSKPD2BWP16P90LVT           1  3.3     9     9     843    (-,-) 
  issue_stage_unit_rat_inst_brat_buffer/g1448537/ZN                      -       I->ZN  F     CKND4BWP16P90LVT              8 10.9    11    10     853    (-,-) 
  issue_stage_unit_rat_inst_brat_buffer/g1448518/Z                       -       I->Z   F     BUFFD8BWP16P90LVT            15 24.7    13    20     873    (-,-) 
  issue_stage_unit_rat_inst_brat_buffer/g1448524/ZN                      -       I->ZN  R     CKND5BWP16P90LVT             16 21.0    17    14     887    (-,-) 
  issue_stage_unit_rat_inst_brat_buffer/g1440747/ZN                      -       B->ZN  F     OAI21D2BWP16P90LVT            4  5.8    20    17     905    (-,-) 
  issue_stage_unit_rat_inst_brat_buffer/g1439873/ZN                      -       I->ZN  R     CKND1BWP16P90LVT              3  3.7    16    15     920    (-,-) 
  issue_stage_unit_rat_inst_brat_buffer/g1438133/ZN                      -       A1->ZN R     IOA21D1BWP16P90LVT            1  1.5    11    18     938    (-,-) 
  issue_stage_unit_rat_inst_brat_buffer/rat_snapshot_mem_reg[8][14][4]/D -       -      R     DFCNQD2BWP16P90LVT            1    -     -     0     938    (-,-) 
#---------------------------------------------------------------------------------------------------------------------------------------------------------------



Path 4: MET (0 ps) Setup Check with Pin issue_stage_unit_rat_inst_brat_buffer/rat_snapshot_mem_reg[8][14][0]/CP->D
          Group: clk
     Startpoint: (R) dispatch_stage_unit/lsq_head_ptr_2_0_reg[1]/CP
          Clock: (R) clk
       Endpoint: (R) issue_stage_unit_rat_inst_brat_buffer/rat_snapshot_mem_reg[8][14][0]/D
          Clock: (R) clk

                     Capture       Launch     
        Clock Edge:+    1000            0     
       Src Latency:+       0            0     
       Net Latency:+       0 (I)        0 (I) 
           Arrival:=    1000            0     
                                              
             Setup:-      12                  
       Uncertainty:-      50                  
     Required Time:=     938                  
      Launch Clock:-       0                  
         Data Path:-     938                  
             Slack:=       0                  

#---------------------------------------------------------------------------------------------------------------------------------------------------------------
#                             Timing Point                               Flags    Arc   Edge           Cell            Fanout Load Trans Delay Arrival Instance 
#                                                                                                                             (fF)  (ps)  (ps)   (ps)  Location 
#---------------------------------------------------------------------------------------------------------------------------------------------------------------
  dispatch_stage_unit/lsq_head_ptr_2_0_reg[1]/CP                         -       -      R     (arrival)                 15455    -    50     0       0    (-,-) 
  dispatch_stage_unit/lsq_head_ptr_2_0_reg[1]/Q                          -       CP->Q  F     SDFSNQOPTBBD4BWP16P90LVT      9 15.5    16    67      67    (-,-) 
  dispatch_stage_unit/g3379/ZN                                           -       I->ZN  R     CKND10BWP16P90LVT             4 14.5     9     9      76    (-,-) 
  dispatch_stage_unit/g3378/ZN                                           -       I->ZN  F     INVSKND18BWP16P90LVT         13 50.4    12    11      86    (-,-) 
  dispatch_stage_unit/g848962/ZN                                         -       A1->ZN F     INR2D8BWP16P90LVT             4 10.3     9    17     104    (-,-) 
  dispatch_stage_unit/g848976/ZN                                         -       A1->ZN R     ND2D4BWP16P90LVT              3  6.1     9     8     112    (-,-) 
  dispatch_stage_unit/g61674/ZN                                          -       I->ZN  F     CKND3BWP16P90LVT             11 11.4    14    13     124    (-,-) 
  dispatch_stage_unit/g61673/Z                                           -       I->Z   F     BUFFD2BWP16P90LVT             7  7.4    14    20     144    (-,-) 
  dispatch_stage_unit/g59791/ZN                                          -       B1->ZN R     AOI22D1BWP16P90LVT            1  2.0    19    17     162    (-,-) 
  dispatch_stage_unit/g58768/ZN                                          -       A3->ZN F     ND4D2BWP16P90LVT              1  1.5    18    20     181    (-,-) 
  dispatch_stage_unit/g58476/ZN                                          -       A2->ZN R     CKNR2D1BWP16P90LVT            1  2.5    15    16     197    (-,-) 
  dispatch_stage_unit/g58307/ZN                                          -       A1->ZN F     ND2D3BWP16P90LVT              4  4.4    12    12     209    (-,-) 
  dispatch_stage_unit/g58249/ZN                                          -       I->ZN  R     INVSKND2BWP16P90LVT           2  2.4     8     8     218    (-,-) 
  dispatch_stage_unit/g58164/ZN                                          -       A2->ZN F     AOI22SKPD1BWP16P90LVT         1  1.3    20    13     231    (-,-) 
  dispatch_stage_unit/g58091/ZN                                          -       A3->ZN R     ND4SKNBD1BWP16P90LVT          1  3.0    28    24     254    (-,-) 
  dispatch_stage_unit/g861125/ZN                                         -       A3->ZN F     NR3OPTPAD2BWP16P90LVT         1  3.5    14    16     270    (-,-) 
  dispatch_stage_unit/g863317/ZN                                         -       A1->ZN R     ND2SKNBD6BWP16P90LVT          6  7.9    15    12     282    (-,-) 
  dispatch_stage_unit/g58004/ZN                                          -       A1->ZN F     OAI21D3BWP16P90LVT            3  4.7    15    14     296    (-,-) 
  dispatch_stage_unit/g58001/ZN                                          -       I->ZN  R     CKND3BWP16P90LVT              2  3.0     7     8     303    (-,-) 
  dispatch_stage_unit/g57978/ZN                                          -       B->ZN  F     IOA21D2BWP16P90LVT            3  3.8    14    12     315    (-,-) 
  dispatch_stage_unit/g57948/Z                                           -       A3->Z  F     OR3D1BWP16P90LVT              2  2.3    12    22     337    (-,-) 
  dispatch_stage_unit/g860163/Z                                          -       A1->Z  F     AN3D1BWP16P90LVT              1  2.1     9    16     353    (-,-) 
  dispatch_stage_unit/g860162/ZN                                         -       A2->ZN F     IAO21D4BWP16P90LVT            2  5.9    10    20     373    (-,-) 
  dispatch_stage_unit/g57907/ZN                                          -       B1->ZN R     IND2D8BWP16P90LVT            10 15.7    11    10     383    (-,-) 
  dispatch_stage_unit/g860127/ZN                                         -       B1->ZN F     IND2OPTPBD8BWP16P90LVT        5  7.9     9     9     392    (-,-) 
  dispatch_stage_unit/g25788/Z                                           -       A4->Z  F     OR4D3BWP16P90LVT              2  3.0     9    21     413    (-,-) 
  dispatch_stage_unit/g25154/ZN                                          -       A1->ZN R     ND2D2BWP16P90LVT              1  2.7     9     8     420    (-,-) 
  dispatch_stage_unit/g25101/ZN                                          -       A1->ZN F     CKNR2D4BWP16P90LVT            3  4.4    14     9     429    (-,-) 
  dispatch_stage_unit/g24853/ZN                                          -       B->ZN  R     OAI21D2BWP16P90LVT            1  1.9    13     8     438    (-,-) 
  dispatch_stage_unit/g24810/ZN                                          -       B->ZN  F     AOI21D2BWP16P90LVT            1  2.6    18    10     447    (-,-) 
  dispatch_stage_unit/g863509/ZN                                         -       A2->ZN R     ND2SKND3BWP16P90LVT           2  3.7    11    11     459    (-,-) 
  dispatch_stage_unit/g863508/ZN                                         -       A1->ZN F     CKND2D4BWP16P90LVT            1  3.4    10     8     467    (-,-) 
  dispatch_stage_unit/g24748/ZN                                          -       B1->ZN R     IOA22D4BWP16P90LVT            1  3.5    12    11     478    (-,-) 
  dispatch_stage_unit/g863393/ZN                                         -       A1->ZN F     ND2SKNBD6BWP16P90LVT          1  4.0     8     8     486    (-,-) 
  dispatch_stage_unit/g24740/ZN                                          -       A1->ZN R     ND2D6BWP16P90LVT              4  9.6    14     8     494    (-,-) 
  g39226/ZN                                                              -       B1->ZN F     IND2OPTPBD8BWP16P90LVT        4 14.2    13    12     507    (-,-) 
  g39222/ZN                                                              -       A1->ZN R     NR2SKPBD12BWP16P90LVT         7 15.4    13    11     518    (-,-) 
  g39182/ZN                                                              -       A1->ZN F     CKND2D8BWP16P90LVT            4  9.2    10    10     528    (-,-) 
  g39032/ZN                                                              -       A1->ZN R     NR2D6BWP16P90LVT              4  9.0    14    11     540    (-,-) 
  g38845/ZN                                                              -       A1->ZN F     AOI21D2BWP16P90LVT            1  2.9    17    15     554    (-,-) 
  g38832/ZN                                                              -       A1->ZN R     ND2D4BWP16P90LVT              4  9.7    12    12     566    (-,-) 
  g38790/ZN                                                              -       B1->ZN F     IND2D2BWP16P90LVT             3  4.5    15    13     579    (-,-) 
  g38776/ZN                                                              -       I->ZN  R     CKND2BWP16P90LVT              3  5.7    12    12     591    (-,-) 
  g38644/ZN                                                              -       A1->ZN F     ND2OPTPBD2BWP16P90LVT         3  5.1    16    14     605    (-,-) 
  g38582/ZN                                                              -       A1->ZN R     NR2OPTPBD4BWP16P90LVT         9  9.7    17    15     620    (-,-) 
  fopt39942/Z                                                            -       I->Z   R     BUFFD2BWP16P90LVT            12 12.4    22    25     646    (-,-) 
  g38203/ZN                                                              -       A1->ZN F     AOI22SKPD1BWP16P90LVT         1  1.3    21    16     661    (-,-) 
  g37899/ZN                                                              -       A3->ZN R     ND4SKNBD1BWP16P90LVT          1  1.4    20    18     679    (-,-) 
  g37360/Z                                                               -       A3->Z  R     OR3D2BWP16P90LVT              5  5.4    11    21     700    (-,-) 
  g37305/Z                                                               -       A1->Z  R     OR2D2BWP16P90LVT              3  3.7     8    16     716    (-,-) 
  g37232/Z                                                               -       A2->Z  R     OA21D2BWP16P90LVT             2  6.6    14    24     740    (-,-) 
  g37216/ZN                                                              -       A1->ZN F     AOI21D8BWP16P90LVT           10 19.0    20    17     757    (-,-) 
  issue_stage_unit_rat_inst_brat_buffer/g1450754/ZN                      -       A2->ZN F     IAO22D4BWP16P90LVT            2  5.6    16    22     779    (-,-) 
  issue_stage_unit_rat_inst_brat_buffer/g1450210/ZN                      -       B1->ZN R     IND2D4BWP16P90LVT             2  3.0     8     7     787    (-,-) 
  issue_stage_unit_rat_inst_brat_buffer/g1463475/ZN                      -       A1->ZN R     IND2D2BWP16P90LVT             4  4.8    12    17     804    (-,-) 
  issue_stage_unit_rat_inst_brat_buffer/g1463231/ZN                      -       A1->ZN R     IND2D2BWP16P90LVT             2  4.2    11    17     821    (-,-) 
  issue_stage_unit_rat_inst_brat_buffer/g25/ZN                           -       A1->ZN F     ND3SKNBD4BWP16P90LVT          3  5.2    16    12     834    (-,-) 
  issue_stage_unit_rat_inst_brat_buffer/g1448544/ZN                      -       I->ZN  R     INVSKPD2BWP16P90LVT           1  3.3     9     9     843    (-,-) 
  issue_stage_unit_rat_inst_brat_buffer/g1448537/ZN                      -       I->ZN  F     CKND4BWP16P90LVT              8 10.9    11    10     853    (-,-) 
  issue_stage_unit_rat_inst_brat_buffer/g1448518/Z                       -       I->Z   F     BUFFD8BWP16P90LVT            15 24.7    13    20     873    (-,-) 
  issue_stage_unit_rat_inst_brat_buffer/g1448524/ZN                      -       I->ZN  R     CKND5BWP16P90LVT             16 21.0    17    14     887    (-,-) 
  issue_stage_unit_rat_inst_brat_buffer/g1440747/ZN                      -       B->ZN  F     OAI21D2BWP16P90LVT            4  5.8    20    17     905    (-,-) 
  issue_stage_unit_rat_inst_brat_buffer/g1439873/ZN                      -       I->ZN  R     CKND1BWP16P90LVT              3  3.7    16    15     920    (-,-) 
  issue_stage_unit_rat_inst_brat_buffer/g1438132/ZN                      -       A1->ZN R     IOA21D1BWP16P90LVT            1  1.5    11    18     938    (-,-) 
  issue_stage_unit_rat_inst_brat_buffer/rat_snapshot_mem_reg[8][14][0]/D -       -      R     DFCNQD2BWP16P90LVT            1    -     -     0     938    (-,-) 
#---------------------------------------------------------------------------------------------------------------------------------------------------------------



Path 5: MET (0 ps) Setup Check with Pin dispatch_stage_unit/lsq_head_ptr_2_0_reg[2]/CP->D
          Group: clk
     Startpoint: (R) issue_stage_unit_rat_inst_brat_buffer/head_ptr_0_reg[3]/CP
          Clock: (R) clk
       Endpoint: (R) dispatch_stage_unit/lsq_head_ptr_2_0_reg[2]/D
          Clock: (R) clk

                     Capture       Launch     
        Clock Edge:+    1000            0     
       Src Latency:+       0            0     
       Net Latency:+       0 (I)        0 (I) 
           Arrival:=    1000            0     
                                              
             Setup:-      16                  
       Uncertainty:-      50                  
     Required Time:=     934                  
      Launch Clock:-       0                  
         Data Path:-     934                  
             Slack:=       0                  

#---------------------------------------------------------------------------------------------------------------------------------------------------
#                       Timing Point                         Flags    Arc   Edge           Cell            Fanout Load Trans Delay Arrival Instance 
#                                                                                                                 (fF)  (ps)  (ps)   (ps)  Location 
#---------------------------------------------------------------------------------------------------------------------------------------------------
  issue_stage_unit_rat_inst_brat_buffer/head_ptr_0_reg[3]/CP -       -      R     (arrival)                 15455    -    50     0       0    (-,-) 
  issue_stage_unit_rat_inst_brat_buffer/head_ptr_0_reg[3]/Q  -       CP->Q  R     DFCNQD4BWP16P90LVT            2  6.8    10    50      50    (-,-) 
  issue_stage_unit_rat_inst_brat_buffer/fopt67/ZN            -       I->ZN  F     CKND5BWP16P90LVT              3 12.8    11    10      60    (-,-) 
  issue_stage_unit_rat_inst_brat_buffer/fopt52/ZN            -       I->ZN  R     INVSKND4BWP16P90LVT           4 10.9    14    12      73    (-,-) 
  issue_stage_unit_rat_inst_brat_buffer/g1051139/ZN          -       A1->ZN F     NR2SKPD6BWP16P90LVT           4  8.2    11    10      83    (-,-) 
  issue_stage_unit_rat_inst_brat_buffer/g1051117/ZN          -       I->ZN  R     CKND5BWP16P90LVT              3  5.8     7     7      90    (-,-) 
  issue_stage_unit_rat_inst_brat_buffer/g460/ZN              -       A1->ZN F     CKNR2D4BWP16P90LVT            3  6.9    13    10     100    (-,-) 
  issue_stage_unit_rat_inst_brat_buffer/g231/ZN              -       I->ZN  R     CKND3BWP16P90LVT              1  2.9     7     7     108    (-,-) 
  issue_stage_unit_rat_inst_brat_buffer/g229/ZN              -       B1->ZN F     INR2D4BWP16P90LVT             1  4.4     8     7     114    (-,-) 
  issue_stage_unit_rat_inst_brat_buffer/g1471323/ZN          -       B->ZN  R     AOI21OPTPBD6BWP16P90LVT       1  6.3    12    11     125    (-,-) 
  issue_stage_unit_rat_inst_brat_buffer/g1471322/ZN          -       A2->ZN F     ND3SKNBD12BWP16P90LVT         3  8.6    12    13     138    (-,-) 
  issue_stage_unit_rat_inst_brat_buffer/g63/ZN               -       A1->ZN R     ND2D4BWP16P90LVT              1  4.8     8     8     146    (-,-) 
  issue_stage_unit_rat_inst_brat_buffer/g1470198/ZN          -       A1->ZN F     ND2SKND8BWP16P90LVT           7  8.3     9     9     154    (-,-) 
  issue_stage_unit_rat_inst_brat_buffer/g1469579/ZN          -       A2->ZN F     IOA22D2BWP16P90LVT            1  3.0    16    21     175    (-,-) 
  issue_stage_unit_rat_inst_brat_buffer/g1470096/ZN          -       A2->ZN R     CKNR2D4BWP16P90LVT            1  4.1    12    11     186    (-,-) 
  issue_stage_unit_rat_inst_brat_buffer/g1470095/ZN          -       A1->ZN F     ND3OPTPAD6BWP16P90LVT         2  6.3    13    12     198    (-,-) 
  issue_stage_unit_rat_inst_brat_buffer/g1469743/ZN          -       A3->ZN R     ND3D6BWP16P90LVT              2  4.9     8     9     207    (-,-) 
  issue_stage_unit_rat_inst_brat_buffer/g1050165/ZN          -       A1->ZN F     NR2D6BWP16P90LVT              2  5.1     8     6     214    (-,-) 
  issue_stage_unit_rat_inst_brat_buffer/g1049480/ZN          -       B2->ZN R     INR3OPTPAD6BWP16P90LVT        1  6.3    14    11     225    (-,-) 
  issue_stage_unit_rat_inst_brat_buffer/g1049083/ZN          -       A2->ZN F     ND3SKNBD12BWP16P90LVT         6 14.9    17    16     240    (-,-) 
  issue_stage_unit_rat_inst_brat_buffer/g1048377/ZN          -       A1->ZN R     NR2D6BWP16P90LVT              6 10.2    15    14     254    (-,-) 
  dispatch_stage_unit/g863541/ZN                             -       B1->ZN F     IND2D3BWP16P90LVT             1  3.2    11    11     265    (-,-) 
  dispatch_stage_unit/g863538/ZN                             -       B->ZN  R     OAI21D4BWP16P90LVT            2  6.0    14     8     273    (-,-) 
  dispatch_stage_unit/g863542/Z                              -       A2->Z  F     XOR2D8BWP16P90LVT             2  9.5    10    27     301    (-,-) 
  dispatch_stage_unit/fopt849150/ZN                          -       I->ZN  R     INVSKPD8BWP16P90LVT           1  6.1     5     6     307    (-,-) 
  dispatch_stage_unit/g863467/ZN                             -       A1->ZN F     ND2SKNBD12BWP16P90LVT         1 10.6     8     8     314    (-,-) 
  dispatch_stage_unit/g863529/ZN                             -       A2->ZN R     ND2D16BWP16P90LVT             6 16.7     8     8     322    (-,-) 
  dispatch_stage_unit/g859544/ZN                             -       I->ZN  F     CKND16BWP16P90LVT             3 16.6     6     6     329    (-,-) 
  dispatch_stage_unit/g859546/ZN                             -       I->ZN  R     INVD8BWP16P90LVT             12 15.5     8     8     336    (-,-) 
  dispatch_stage_unit/g859553/ZN                             -       A1->ZN F     ND2D1BWP16P90LVT              1  2.0    14    12     348    (-,-) 
  dispatch_stage_unit/g23033/ZN                              -       A2->ZN R     AOI21SKND2BWP16P90LVT         1  1.9    12    13     361    (-,-) 
  dispatch_stage_unit/g22985/ZN                              -       B->ZN  F     AOI21D2BWP16P90LVT            1  2.4    14     9     371    (-,-) 
  dispatch_stage_unit/g22873/ZN                              -       A1->ZN R     ND2D3BWP16P90LVT              2  3.4     8     8     379    (-,-) 
  dispatch_stage_unit/g861819/ZN                             -       A1->ZN F     ND2D1P5BWP16P90LVT            1  2.9    14    12     391    (-,-) 
  dispatch_stage_unit/g863147/ZN                             -       B2->ZN R     IAO22D4BWP16P90LVT            2  4.9    13    13     404    (-,-) 
  dispatch_stage_unit/g863000/ZN                             -       A1->ZN F     OAI22D3BWP16P90LVT            2  4.6    18    14     418    (-,-) 
  dispatch_stage_unit/g154/ZN                                -       B1->ZN R     AOI22D4BWP16P90LVT            2  5.3    18    16     434    (-,-) 
  dispatch_stage_unit/lsq_sll_490_82_g1929/ZN                -       I->ZN  F     INVD4BWP16P90LVT              1  3.1     7     7     441    (-,-) 
  dispatch_stage_unit/lsq_sll_490_82_g1880/ZN                -       B1->ZN R     AOI22D4BWP16P90LVT            2  6.6    19    15     456    (-,-) 
  dispatch_stage_unit/lsq_sll_490_82_g1838/ZN                -       B1->ZN F     OAI22D4BWP16P90LVT            3  5.5    16    16     472    (-,-) 
  dispatch_stage_unit/g6164__2802/ZN                         -       A2->ZN R     NR2SKPD3BWP16P90LVT           1  3.1    10    11     483    (-,-) 
  dispatch_stage_unit/g6134__3680/ZN                         -       A2->ZN F     ND2SKND4BWP16P90LVT           1  2.9     8     9     492    (-,-) 
  dispatch_stage_unit/g861135/ZN                             -       A1->ZN R     NR2SKPD4BWP16P90LVT           1  3.2     8     8     500    (-,-) 
  dispatch_stage_unit/g861134/ZN                             -       A1->ZN F     AOI21D4BWP16P90LVT            2  5.2    13    11     511    (-,-) 
  dispatch_stage_unit/g862747/ZN                             -       A1->ZN R     AOI211D2BWP16P90LVT           1  2.9    21    19     530    (-,-) 
  dispatch_stage_unit/g5989__2346/ZN                         -       A1->ZN F     AOI21SKND4BWP16P90LVT         1  3.0    12    12     542    (-,-) 
  dispatch_stage_unit/g863364/ZN                             -       B->ZN  R     AOI21SKPD4BWP16P90LVT         1  4.2    11    11     553    (-,-) 
  dispatch_stage_unit/g863408/ZN                             -       A2->ZN F     ND2SKND6BWP16P90LVT           3  8.5    12    12     565    (-,-) 
  dispatch_stage_unit/g863410/ZN                             -       A2->ZN R     ND2D4BWP16P90LVT              2  6.1     9     9     574    (-,-) 
  dispatch_stage_unit/g862863/ZN                             -       A1->ZN F     ND2D6BWP16P90LVT              4  8.9    12    11     585    (-,-) 
  dispatch_stage_unit/g864201/ZN                             -       A1->ZN R     ND2SKND3BWP16P90LVT           2  5.4    12    11     596    (-,-) 
  dispatch_stage_unit/g864200/ZN                             -       B1->ZN F     IND2D4BWP16P90LVT             1  4.0     9     9     605    (-,-) 
  dispatch_stage_unit/g23/ZN                                 -       B1->ZN R     IND2D6BWP16P90LVT             2  7.4     8     8     613    (-,-) 
  dispatch_stage_unit/g862656/ZN                             -       A1->ZN F     ND2SKND8BWP16P90LVT           7 13.6    13    11     624    (-,-) 
  dispatch_stage_unit/g861758/ZN                             -       A1->ZN R     ND2OPTPBD6BWP16P90LVT         1  3.9    11     7     631    (-,-) 
  dispatch_stage_unit/fopt849076/ZN                          -       I->ZN  F     CKND5BWP16P90LVT              3  6.3     7     8     638    (-,-) 
  dispatch_stage_unit/g861199/ZN                             -       B1->ZN R     INR2D4BWP16P90LVT             1  4.0     9     8     646    (-,-) 
  dispatch_stage_unit/g863433/ZN                             -       A2->ZN F     ND2OPTPBD4BWP16P90LVT         1  5.1    10    10     656    (-,-) 
  dispatch_stage_unit/g863495/ZN                             -       A1->ZN R     ND2OPTPBD8BWP16P90LVT         6 10.7    10     8     664    (-,-) 
  dispatch_stage_unit/g5857/ZN                               -       I->ZN  F     CKND2BWP16P90LVT              2  5.2    10    10     674    (-,-) 
  dispatch_stage_unit/g5846/ZN                               -       A2->ZN R     AOI21D4BWP16P90LVT            1  6.8    21    14     688    (-,-) 
  dispatch_stage_unit/g864089/ZN                             -       A2->ZN F     ND2SKNBD12BWP16P90LVT         7 12.8    11    12     701    (-,-) 
  dispatch_stage_unit/g66141__9945/ZN                        -       A2->ZN F     IAO22D4BWP16P90LVT            3  4.9    14    20     720    (-,-) 
  dispatch_stage_unit/g63963__9315/ZN                        -       A1->ZN R     NR2SKPD3BWP16P90LVT           2  4.5    14    12     732    (-,-) 
  dispatch_stage_unit/g67432__1617/ZN                        -       A1->ZN R     IND2D2BWP16P90LVT             1  2.6     9    16     749    (-,-) 
  dispatch_stage_unit/g67430__3680/Z                         -       A1->Z  F     XOR2D4BWP16P90LVT             5  9.7    13    26     775    (-,-) 
  dispatch_stage_unit/g67425__1705/ZN                        -       A1->ZN F     IND2D2BWP16P90LVT             1  5.6    17    23     798    (-,-) 
  dispatch_stage_unit/g61921__2802/ZN                        -       A->ZN  R     MAOI222D4BWP16P90LVT          2  5.5    16    16     814    (-,-) 
  dispatch_stage_unit/g61881__860973/ZN                      -       A2->ZN F     OAI21SKPD3BWP16P90LVT         1  2.9    15    15     829    (-,-) 
  dispatch_stage_unit/g61844__860972/ZN                      -       B->ZN  R     OAI211OPTPBD4BWP16P90LVT      1  3.1    12     8     837    (-,-) 
  dispatch_stage_unit/g862732/ZN                             -       A1->ZN F     ND2OPTPBD4BWP16P90LVT         2  5.7    11    11     848    (-,-) 
  dispatch_stage_unit/g862847/ZN                             -       B1->ZN R     AOI22D6BWP16P90LVT            6 10.7    19    16     864    (-,-) 
  dispatch_stage_unit/g61820__5107/ZN                        -       A2->ZN F     NR2D4BWP16P90LVT              3  7.6    12    12     876    (-,-) 
  dispatch_stage_unit/g859852/ZN                             -       A1->ZN R     CKND2D4BWP16P90LVT            1  2.7     9     8     884    (-,-) 
  dispatch_stage_unit/g861014/ZN                             -       A1->ZN R     INR2D6BWP16P90LVT             5  9.2    13    19     903    (-,-) 
  dispatch_stage_unit/g863518/ZN                             -       A1->ZN R     IND2D4BWP16P90LVT             3  4.1     7    15     918    (-,-) 
  dispatch_stage_unit/g863517/ZN                             -       B1->ZN R     MOAI22D1BWP16P90LVT           1  1.5    14    16     934    (-,-) 
  dispatch_stage_unit/lsq_head_ptr_2_0_reg[2]/D              -       -      R     SDFCNQOPTBBD2BWP16P90LVT      1    -     -     0     934    (-,-) 
#---------------------------------------------------------------------------------------------------------------------------------------------------

