\BOOKMARK [0][-]{chapter*.4}{\376\377\000K\001\061\000s\000a\000l\000t\000m\000a\000l\000a\000r}{}% 1
\BOOKMARK [0][-]{chapter.1}{\376\377\000G\000i\000r\000i\001\137}{}% 2
\BOOKMARK [1][-]{section.1.1}{\376\377\000M\000o\000t\000i\000v\000a\000s\000y\000o\000n}{chapter.1}% 3
\BOOKMARK [1][-]{section.1.2}{\376\377\000T\000e\000z\000i\000n\000\040\000K\000a\000p\000s\000a\000m\001\061}{chapter.1}% 4
\BOOKMARK [1][-]{section.1.3}{\376\377\000T\000a\000s\000a\000r\001\061\000m\000\040\000H\000e\000d\000e\000f\000l\000e\000r\000i}{chapter.1}% 5
\BOOKMARK [1][-]{section.1.4}{\376\377\000T\000e\000z\000\040\000O\000r\000g\000a\000n\000i\000z\000a\000s\000y\000o\000n\000u}{chapter.1}% 6
\BOOKMARK [1][-]{section.1.5}{\376\377\000K\000a\000t\000k\001\061\000l\000a\000r}{chapter.1}% 7
\BOOKMARK [0][-]{chapter.2}{\376\377\000M\000i\000m\000a\000r\000i\000\040\000G\000e\000n\000e\000l\000\040\000B\000a\000k\001\061\001\137}{}% 8
\BOOKMARK [1][-]{section.2.1}{\376\377\000S\000u\000p\000e\000r\000s\000c\000a\000l\000a\000r\000\040\001\060\001\137\000l\000e\000m\000c\000i\000\040\000K\000a\000v\000r\000a\000m\001\061}{chapter.2}% 9
\BOOKMARK [2][-]{subsection.2.1.1}{\376\377\000S\000k\000a\000l\000a\000r\000\040\000v\000e\000\040\000S\000u\000p\000e\000r\000s\000c\000a\000l\000a\000r\000\040\001\060\001\137\000l\000e\000m\000c\000i\000l\000e\000r}{section.2.1}% 10
\BOOKMARK [2][-]{subsection.2.1.2}{\376\377\000K\000o\000m\000u\000t\000\040\000D\000\374\000z\000e\000y\000i\000n\000d\000e\000\040\000P\000a\000r\000a\000l\000e\000l\000l\000i\000k\000\040\000\050\000I\000L\000P\000\051}{section.2.1}% 11
\BOOKMARK [1][-]{section.2.2}{\376\377\000P\000i\000p\000e\000l\000i\000n\000e\000\040\000Y\000a\000p\001\061\000s\001\061}{chapter.2}% 12
\BOOKMARK [2][-]{subsection.2.2.1}{\376\377\000P\000i\000p\000e\000l\000i\000n\000e\000\040\000A\001\137\000a\000m\000a\000l\000a\000r\001\061}{section.2.2}% 13
\BOOKMARK [2][-]{subsection.2.2.2}{\376\377\000I\000n\000-\000O\000r\000d\000e\000r\000\040\000v\000s\000\040\000O\000u\000t\000-\000o\000f\000-\000O\000r\000d\000e\000r\000\040\000A\001\137\000a\000m\000a\000l\000a\000r}{section.2.2}% 14
\BOOKMARK [1][-]{section.2.3}{\376\377\000T\000o\000m\000a\000s\000u\000l\000o\000\040\000A\000l\000g\000o\000r\000i\000t\000m\000a\000s\001\061}{chapter.2}% 15
\BOOKMARK [2][-]{subsection.2.3.1}{\376\377\000T\000e\000m\000e\000l\000\040\000K\000a\000v\000r\000a\000m\000l\000a\000r}{section.2.3}% 16
\BOOKMARK [2][-]{subsection.2.3.2}{\376\377\000T\000o\000m\000a\000s\000u\000l\000o\000\040\000A\000k\001\061\001\137\001\061}{section.2.3}% 17
\BOOKMARK [1][-]{section.2.4}{\376\377\000S\000p\000e\000k\000\374\000l\000a\000t\000i\000f\000\040\000Y\000\374\000r\000\374\000t\000m\000e\000\040\000v\000e\000\040\000B\000R\000A\000T}{chapter.2}% 18
\BOOKMARK [2][-]{subsection.2.4.1}{\376\377\000D\000a\000l\000\040\000T\000a\000h\000m\000i\000n\000i}{section.2.4}% 19
\BOOKMARK [2][-]{subsection.2.4.2}{\376\377\000B\000r\000a\000n\000c\000h\000\040\000R\000e\000s\000o\000l\000u\000t\000i\000o\000n\000\040\000A\000l\000i\000a\000s\000\040\000T\000a\000b\000l\000e\000\040\000\050\000B\000R\000A\000T\000\051}{section.2.4}% 20
\BOOKMARK [1][-]{section.2.5}{\376\377\000K\000a\000y\000n\000a\000k\000\040\000Y\000\366\000n\000e\000t\000i\000m\000i}{chapter.2}% 21
\BOOKMARK [1][-]{section.2.6}{\376\377\000M\000o\000d\000\374\000l\000\040\000H\000i\000y\000e\000r\000a\000r\001\137\000i\000s\000i}{chapter.2}% 22
\BOOKMARK [1][-]{section.2.7}{\376\377\000V\000e\000r\000i\000\040\000A\000k\001\061\001\137\001\061}{chapter.2}% 23
\BOOKMARK [1][-]{section.2.8}{\376\377\000K\000o\000n\000t\000r\000o\000l\000\040\000A\000k\001\061\001\137\001\061}{chapter.2}% 24
\BOOKMARK [2][-]{subsection.2.8.1}{\376\377\000N\000o\000r\000m\000a\000l\000\040\000O\000p\000e\000r\000a\000s\000y\000o\000n}{section.2.8}% 25
\BOOKMARK [2][-]{subsection.2.8.2}{\376\377\000M\000i\000s\000p\000r\000e\000d\000i\000c\000t\000i\000o\000n\000\040\000R\000e\000c\000o\000v\000e\000r\000y}{section.2.8}% 26
\BOOKMARK [0][-]{chapter.3}{\376\377\000F\000e\000t\000c\000h\000\040\000S\000t\000a\000g\000e}{}% 27
\BOOKMARK [1][-]{section.3.1}{\376\377\000G\000e\000n\000e\000l\000\040\000B\000a\000k\001\061\001\137}{chapter.3}% 28
\BOOKMARK [2][-]{subsection.3.1.1}{\376\377\000F\000e\000t\000c\000h\000\040\000S\000t\000a\000g\000e\000\040\000B\000i\000l\000e\001\137\000e\000n\000l\000e\000r\000i}{section.3.1}% 29
\BOOKMARK [1][-]{section.3.2}{\376\377\000M\000u\000l\000t\000i\000\040\000F\000e\000t\000c\000h\000\040\000M\000o\000d\000\374\000l\000\374}{chapter.3}% 30
\BOOKMARK [2][-]{subsection.3.2.1}{\376\377\000T\000a\000s\000a\000r\001\061\000m\000\040\000A\000m\000a\000c\001\061}{section.3.2}% 31
\BOOKMARK [2][-]{subsection.3.2.2}{\376\377\000K\000o\000m\000u\000t\000\040\000G\000e\000\347\000e\000r\000l\000i\000l\000i\000k\000\040\000M\000a\000n\000t\001\061\001\037\001\061}{section.3.2}% 32
\BOOKMARK [2][-]{subsection.3.2.3}{\376\377\000M\000i\000s\000p\000r\000e\000d\000i\000c\000t\000i\000o\000n\000\040\001\060\001\137\000l\000e\000m\000e}{section.3.2}% 33
\BOOKMARK [1][-]{section.3.3}{\376\377\000I\000n\000s\000t\000r\000u\000c\000t\000i\000o\000n\000\040\000B\000u\000f\000f\000e\000r}{chapter.3}% 34
\BOOKMARK [2][-]{subsection.3.3.1}{\376\377\000T\000a\000s\000a\000r\001\061\000m\000\040\000A\000m\000a\000c\001\061}{section.3.3}% 35
\BOOKMARK [2][-]{subsection.3.3.2}{\376\377\000B\000u\000f\000f\000e\000r\000\040\000Y\000a\000p\001\061\000s\001\061}{section.3.3}% 36
\BOOKMARK [2][-]{subsection.3.3.3}{\376\377\000B\000a\000c\000k\000p\000r\000e\000s\000s\000u\000r\000e\000\040\000Y\000\366\000n\000e\000t\000i\000m\000i}{section.3.3}% 37
\BOOKMARK [2][-]{subsection.3.3.4}{\376\377\000F\000o\000r\000w\000a\000r\000d\000i\000n\000g\000\040\000M\000a\000n\000t\001\061\001\037\001\061}{section.3.3}% 38
\BOOKMARK [1][-]{section.3.4}{\376\377\000P\000C\000\040\000C\000o\000n\000t\000r\000o\000l\000l\000e\000r}{chapter.3}% 39
\BOOKMARK [2][-]{subsection.3.4.1}{\376\377\000P\000C\000\040\000G\000\374\000n\000c\000e\000l\000l\000e\000m\000e\000\040\000S\000e\000n\000a\000r\000y\000o\000l\000a\000r\001\061}{section.3.4}% 40
\BOOKMARK [2][-]{subsection.3.4.2}{\376\377\000P\000a\000r\000a\000l\000e\000l\000\040\000P\000C\000\040\000H\000e\000s\000a\000p\000l\000a\000m\000a}{section.3.4}% 41
\BOOKMARK [2][-]{subsection.3.4.3}{\376\377\000M\000i\000s\000p\000r\000e\000d\000i\000c\000t\000i\000o\000n\000\040\000R\000e\000c\000o\000v\000e\000r\000y}{section.3.4}% 42
\BOOKMARK [1][-]{section.3.5}{\376\377\000D\000a\000l\000\040\000T\000a\000h\000m\000i\000n\000i}{chapter.3}% 43
\BOOKMARK [2][-]{subsection.3.5.1}{\376\377\000D\000a\000l\000\040\000T\000a\000h\000m\000i\000n\000i\000\040\000G\000e\000n\000e\000l\000\040\000B\000a\000k\001\061\001\137}{section.3.5}% 44
\BOOKMARK [2][-]{subsection.3.5.2}{\376\377\000T\000a\000h\000m\000i\000n\000\040\000M\000e\000k\000a\000n\000i\000z\000m\000a\000l\000a\000r\001\061}{section.3.5}% 45
\BOOKMARK [2][-]{subsection.3.5.3}{\376\377\000J\000A\000L\000R\000\040\000P\000r\000e\000d\000i\000c\000t\000o\000r}{section.3.5}% 46
\BOOKMARK [2][-]{subsection.3.5.4}{\376\377\000R\000e\000t\000u\000r\000n\000\040\000A\000d\000d\000r\000e\000s\000s\000\040\000S\000t\000a\000c\000k\000\040\000\050\000R\000A\000S\000\051}{section.3.5}% 47
\BOOKMARK [2][-]{subsection.3.5.5}{\376\377\000P\000r\000e\000d\000i\000c\000t\000o\000r\000\040\000G\000\374\000n\000c\000e\000l\000l\000e\000m\000e\000\040\000A\000k\001\061\001\137\001\061}{section.3.5}% 48
\BOOKMARK [1][-]{section.3.6}{\376\377\000F\000e\000t\000c\000h\000\040\000S\000t\000a\000g\000e\000\040\000\326\000z\000e\000t\000i}{chapter.3}% 49
\BOOKMARK [0][-]{chapter.4}{\376\377\000I\000s\000s\000u\000e\000\040\000S\000t\000a\000g\000e}{}% 50
\BOOKMARK [1][-]{section.4.1}{\376\377\000G\000e\000n\000e\000l\000\040\000B\000a\000k\001\061\001\137}{chapter.4}% 51
\BOOKMARK [2][-]{subsection.4.1.1}{\376\377\000I\000s\000s\000u\000e\000\040\000S\000t\000a\000g\000e\000\040\000B\000i\000l\000e\001\137\000e\000n\000l\000e\000r\000i}{section.4.1}% 52
\BOOKMARK [1][-]{section.4.2}{\376\377\000R\000V\0003\0002\000I\000\040\000D\000e\000c\000o\000d\000e\000r}{chapter.4}% 53
\BOOKMARK [2][-]{subsection.4.2.1}{\376\377\000D\000e\000c\000o\000d\000e\000r\000\040\000\307\001\061\000k\001\061\001\137\000l\000a\000r\001\061}{section.4.2}% 54
\BOOKMARK [2][-]{subsection.4.2.2}{\376\377\000R\000V\0003\0002\000I\000\040\000K\000o\000m\000u\000t\000\040\000F\000o\000r\000m\000a\000t\000l\000a\000r\001\061}{section.4.2}% 55
\BOOKMARK [2][-]{subsection.4.2.3}{\376\377\000P\000a\000r\000a\000l\000e\000l\000\040\000D\000e\000c\000o\000d\000e}{section.4.2}% 56
\BOOKMARK [1][-]{section.4.3}{\376\377\000R\000e\000g\000i\000s\000t\000e\000r\000\040\000A\000l\000i\000a\000s\000\040\000T\000a\000b\000l\000e}{chapter.4}% 57
\BOOKMARK [1][-]{section.4.4}{\376\377\000R\000e\000g\000i\000s\000t\000e\000r\000\040\000A\000l\000i\000a\000s\000\040\000T\000a\000b\000l\000e\000\040\000\050\000R\000A\000T\000\051}{chapter.4}% 58
\BOOKMARK [2][-]{subsection.4.4.1}{\376\377\000T\000a\000s\000a\000r\001\061\000m\000\040\000A\000m\000a\000c\001\061}{section.4.4}% 59
\BOOKMARK [2][-]{subsection.4.4.2}{\376\377\000R\000A\000T\000\040\000Y\000a\000p\001\061\000s\001\061}{section.4.4}% 60
\BOOKMARK [2][-]{subsection.4.4.3}{\376\377\000R\000A\000T\000\040\000O\000p\000e\000r\000a\000s\000y\000o\000n\000l\000a\000r\001\061}{section.4.4}% 61
\BOOKMARK [2][-]{subsection.4.4.4}{\376\377\0003\000-\000W\000a\000y\000\040\000P\000a\000r\000a\000l\000e\000l\000\040\000R\000e\000n\000a\000m\000i\000n\000g}{section.4.4}% 62
\BOOKMARK [2][-]{subsection.4.4.5}{\376\377\000K\000a\000y\000n\000a\000k\000\040\000Y\000\366\000n\000e\000t\000i\000m\000i}{section.4.4}% 63
\BOOKMARK [2][-]{subsection.4.4.6}{\376\377\0003\000-\000P\000o\000r\000t\000\040\000C\000i\000r\000c\000u\000l\000a\000r\000\040\000B\000u\000f\000f\000e\000r\000\040\000i\000l\000e\000\040\000K\000a\000y\000n\000a\000k\000\040\000A\000l\000l\000o\000c\000a\000t\000i\000o\000n}{section.4.4}% 64
\BOOKMARK [2][-]{subsection.4.4.7}{\376\377\000B\000r\000a\000n\000c\000h\000\040\000R\000e\000s\000o\000l\000u\000t\000i\000o\000n\000\040\000A\000l\000i\000a\000s\000\040\000T\000a\000b\000l\000e\000\040\000\050\000B\000R\000A\000T\000\051}{section.4.4}% 65
\BOOKMARK [2][-]{subsection.4.4.8}{\376\377\000R\000A\000T\000\040\000\326\000z\000e\000t\000\040\000T\000a\000b\000l\000o\000s\000u}{section.4.4}% 66
\BOOKMARK [1][-]{section.4.5}{\376\377\000I\000s\000s\000u\000e\000\040\000S\000t\000a\000g\000e\000\040\000A\000k\001\061\001\137\001\061}{chapter.4}% 67
\BOOKMARK [2][-]{subsection.4.5.1}{\376\377\000N\000o\000r\000m\000a\000l\000\040\000O\000p\000e\000r\000a\000s\000y\000o\000n}{section.4.5}% 68
\BOOKMARK [2][-]{subsection.4.5.2}{\376\377\000M\000i\000s\000p\000r\000e\000d\000i\000c\000t\000i\000o\000n\000\040\000D\000u\000r\000u\000m\000u}{section.4.5}% 69
\BOOKMARK [1][-]{section.4.6}{\376\377\000D\000i\000s\000p\000a\000t\000c\000h\000\040\000I\000n\000t\000e\000r\000f\000a\000c\000e}{chapter.4}% 70
\BOOKMARK [1][-]{section.4.7}{\376\377\000I\000s\000s\000u\000e\000\040\000S\000t\000a\000g\000e\000\040\000\326\000z\000e\000t\000i}{chapter.4}% 71
\BOOKMARK [0][-]{chapter.5}{\376\377\000D\000i\000s\000p\000a\000t\000c\000h\000\040\000S\000t\000a\000g\000e}{}% 72
\BOOKMARK [1][-]{section.5.1}{\376\377\000G\000e\000n\000e\000l\000\040\000B\000a\000k\001\061\001\137}{chapter.5}% 73
\BOOKMARK [2][-]{subsection.5.1.1}{\376\377\000D\000i\000s\000p\000a\000t\000c\000h\000\040\000S\000t\000a\000g\000e\000\040\000B\000i\000l\000e\001\137\000e\000n\000l\000e\000r\000i}{section.5.1}% 74
\BOOKMARK [1][-]{section.5.2}{\376\377\000F\000i\000z\000i\000k\000s\000e\000l\000\040\000R\000e\000g\000i\000s\000t\000e\000r\000\040\000A\000l\000a\000n\001\061}{chapter.5}% 75
\BOOKMARK [1][-]{section.5.3}{\376\377\000R\000e\000s\000e\000r\000v\000a\000t\000i\000o\000n\000\040\000S\000t\000a\000t\000i\000o\000n}{chapter.5}% 76
\BOOKMARK [2][-]{subsection.5.3.1}{\376\377\000R\000S\000\040\000Y\000a\000p\001\061\000s\001\061}{section.5.3}% 77
\BOOKMARK [2][-]{subsection.5.3.2}{\376\377\000T\000a\000g\000\040\000S\000i\000s\000t\000e\000m\000i}{section.5.3}% 78
\BOOKMARK [2][-]{subsection.5.3.3}{\376\377\000C\000D\000B\000\040\001\060\000z\000l\000e\000m\000e\000\040\000v\000e\000\040\000O\000p\000e\000r\000a\000n\000d\000\040\000R\000e\000s\000o\000l\000u\000t\000i\000o\000n}{section.5.3}% 79
\BOOKMARK [2][-]{subsection.5.3.4}{\376\377\000O\000p\000e\000r\000a\000n\000d\000\040\000S\000e\000\347\000i\000m\000i}{section.5.3}% 80
\BOOKMARK [2][-]{subsection.5.3.5}{\376\377\000I\000s\000s\000u\000e\000\040\000K\000o\001\137\000u\000l\000u}{section.5.3}% 81
\BOOKMARK [2][-]{subsection.5.3.6}{\376\377\000E\000a\000g\000e\000r\000\040\000M\000i\000s\000p\000r\000e\000d\000i\000c\000t\000i\000o\000n\000\040\000F\000l\000u\000s\000h}{section.5.3}% 82
\BOOKMARK [1][-]{section.5.4}{\376\377\000R\000e\000o\000r\000d\000e\000r\000\040\000B\000u\000f\000f\000e\000r\000\040\000\050\000R\000O\000B\000\051}{chapter.5}% 83
\BOOKMARK [2][-]{subsection.5.4.1}{\376\377\000R\000O\000B\000\040\000E\000n\000t\000r\000y\000\040\000Y\000a\000p\001\061\000s\001\061}{section.5.4}% 84
\BOOKMARK [2][-]{subsection.5.4.2}{\376\377\000R\000O\000B\000\040\000P\000o\000r\000t\000l\000a\000r\001\061}{section.5.4}% 85
\BOOKMARK [2][-]{subsection.5.4.3}{\376\377\000A\000l\000l\000o\000c\000a\000t\000i\000o\000n}{section.5.4}% 86
\BOOKMARK [2][-]{subsection.5.4.4}{\376\377\000C\000D\000B\000\040\000S\000o\000n\000u\000\347\000\040\000Y\000a\000z\000m\000a}{section.5.4}% 87
\BOOKMARK [2][-]{subsection.5.4.5}{\376\377\000I\000n\000-\000O\000r\000d\000e\000r\000\040\000C\000o\000m\000m\000i\000t}{section.5.4}% 88
\BOOKMARK [2][-]{subsection.5.4.6}{\376\377\000S\000t\000o\000r\000e\000\040\000P\000e\000r\000m\000i\000s\000s\000i\000o\000n}{section.5.4}% 89
\BOOKMARK [1][-]{section.5.5}{\376\377\000C\000o\000m\000m\000o\000n\000\040\000D\000a\000t\000a\000\040\000B\000u\000s\000\040\000\050\000C\000D\000B\000\051}{chapter.5}% 90
\BOOKMARK [2][-]{subsection.5.5.1}{\376\377\000C\000D\000B\000\040\000K\000a\000n\000a\000l\000l\000a\000r\001\061}{section.5.5}% 91
\BOOKMARK [2][-]{subsection.5.5.2}{\376\377\000C\000D\000B\000\040\000S\000i\000n\000y\000a\000l\000l\000e\000r\000i}{section.5.5}% 92
\BOOKMARK [1][-]{section.5.6}{\376\377\000D\000i\000s\000p\000a\000t\000c\000h\000\040\000S\000t\000a\000g\000e\000\040\000\326\000z\000e\000t\000i}{chapter.5}% 93
\BOOKMARK [0][-]{chapter.6}{\376\377\000E\000x\000e\000c\000u\000t\000e\000\040\000S\000t\000a\000g\000e}{}% 94
\BOOKMARK [1][-]{section.6.1}{\376\377\000G\000e\000n\000e\000l\000\040\000B\000a\000k\001\061\001\137}{chapter.6}% 95
\BOOKMARK [2][-]{subsection.6.1.1}{\376\377\000E\000x\000e\000c\000u\000t\000e\000\040\000S\000t\000a\000g\000e\000\040\000B\000i\000l\000e\001\137\000e\000n\000l\000e\000r\000i}{section.6.1}% 96
\BOOKMARK [1][-]{section.6.2}{\376\377\000F\000u\000n\000c\000t\000i\000o\000n\000a\000l\000\040\000U\000n\000i\000t\000\040\000Y\000a\000p\001\061\000s\001\061}{chapter.6}% 97
\BOOKMARK [2][-]{subsection.6.2.1}{\376\377\000O\000p\000e\000r\000a\000n\000d\000\040\000B\000a\001\037\000l\000a\000n\000t\001\061\000s\001\061}{section.6.2}% 98
\BOOKMARK [1][-]{section.6.3}{\376\377\000A\000L\000U\000\040\000O\000p\000e\000r\000a\000s\000y\000o\000n\000l\000a\000r\001\061}{chapter.6}% 99
\BOOKMARK [2][-]{subsection.6.3.1}{\376\377\000A\000L\000U\000\040\000Y\000a\000p\001\061\000s\001\061}{section.6.3}% 100
\BOOKMARK [1][-]{section.6.4}{\376\377\000D\000a\000l\000\040\000\307\000\366\000z\000\374\000m\000l\000e\000m\000e}{chapter.6}% 101
\BOOKMARK [2][-]{subsection.6.4.1}{\376\377\000B\000r\000a\000n\000c\000h\000\040\000C\000o\000n\000d\000i\000t\000i\000o\000n\000\040\000E\000v\000a\000l\000u\000a\000t\000i\000o\000n}{section.6.4}% 102
\BOOKMARK [2][-]{subsection.6.4.2}{\376\377\000M\000i\000s\000p\000r\000e\000d\000i\000c\000t\000i\000o\000n\000\040\000T\000e\000s\000p\000i\000t\000i}{section.6.4}% 103
\BOOKMARK [2][-]{subsection.6.4.3}{\376\377\000C\000o\000r\000r\000e\000c\000t\000\040\000P\000C\000\040\000H\000e\000s\000a\000p\000l\000a\000m\000a}{section.6.4}% 104
\BOOKMARK [1][-]{section.6.5}{\376\377\000S\000o\000n\000u\000\347\000\040\000S\000e\000\347\000i\000m\000i}{chapter.6}% 105
\BOOKMARK [1][-]{section.6.6}{\376\377\000M\000e\000m\000o\000r\000y\000\040\000A\000d\000d\000r\000e\000s\000s\000\040\000C\000a\000l\000c\000u\000l\000a\000t\000i\000o\000n}{chapter.6}% 106
\BOOKMARK [1][-]{section.6.7}{\376\377\000B\000r\000a\000n\000c\000h\000\040\000P\000r\000e\000d\000i\000c\000t\000o\000r\000\040\000U\000p\000d\000a\000t\000e}{chapter.6}% 107
\BOOKMARK [1][-]{section.6.8}{\376\377\000J\000A\000L\000R\000\040\000H\000a\000n\000d\000l\000i\000n\000g}{chapter.6}% 108
\BOOKMARK [1][-]{section.6.9}{\376\377\000C\000D\000B\000\040\000B\000r\000o\000a\000d\000c\000a\000s\000t}{chapter.6}% 109
\BOOKMARK [1][-]{section.6.10}{\376\377\000E\000x\000e\000c\000u\000t\000e\000\040\000S\000t\000a\000g\000e\000\040\000\326\000z\000e\000t\000i}{chapter.6}% 110
\BOOKMARK [0][-]{chapter.7}{\376\377\000M\000e\000m\000o\000r\000y\000\040\000S\000t\000a\000g\000e\000\040\000v\000e\000\040\000L\000o\000a\000d\000\040\000S\000t\000o\000r\000e\000\040\000Q\000u\000e\000u\000e}{}% 111
\BOOKMARK [1][-]{section.7.1}{\376\377\000G\000e\000n\000e\000l\000\040\000B\000a\000k\001\061\001\137}{chapter.7}% 112
\BOOKMARK [1][-]{section.7.2}{\376\377\000L\000S\000Q\000\040\000T\000a\000s\000a\000r\001\061\000m\000\040\000F\000e\000l\000s\000e\000f\000e\000s\000i}{chapter.7}% 113
\BOOKMARK [1][-]{section.7.3}{\376\377\000L\000S\000Q\000\040\000E\000n\000t\000r\000y\000\040\000Y\000a\000p\001\061\000s\001\061}{chapter.7}% 114
\BOOKMARK [1][-]{section.7.4}{\376\377\0003\000-\000H\000e\000a\000d\000\040\000P\000o\000i\000n\000t\000e\000r\000\040\000M\000i\000m\000a\000r\000i\000s\000i}{chapter.7}% 115
\BOOKMARK [2][-]{subsection.7.4.1}{\376\377\000H\000e\000a\000d\000\040\000P\000o\000i\000n\000t\000e\000r\000\040\000S\000l\000i\000d\000i\000n\000g\000\040\000W\000i\000n\000d\000o\000w}{section.7.4}% 116
\BOOKMARK [1][-]{section.7.5}{\376\377\000L\000S\000Q\000\040\000O\000p\000e\000r\000a\000s\000y\000o\000n\000l\000a\000r\001\061}{chapter.7}% 117
\BOOKMARK [2][-]{subsection.7.5.1}{\376\377\000A\000l\000l\000o\000c\000a\000t\000i\000o\000n}{section.7.5}% 118
\BOOKMARK [2][-]{subsection.7.5.2}{\376\377\000A\000d\000d\000r\000e\000s\000s\000\040\000U\000p\000d\000a\000t\000e\000\040\000\050\000C\000D\000B\000'\000d\000e\000n\000\051}{section.7.5}% 119
\BOOKMARK [2][-]{subsection.7.5.3}{\376\377\000S\000t\000o\000r\000e\000\040\000D\000a\000t\000a\000\040\000U\000p\000d\000a\000t\000e}{section.7.5}% 120
\BOOKMARK [2][-]{subsection.7.5.4}{\376\377\000M\000e\000m\000o\000r\000y\000\040\000I\000s\000s\000u\000e}{section.7.5}% 121
\BOOKMARK [2][-]{subsection.7.5.5}{\376\377\000M\000e\000m\000o\000r\000y\000\040\000R\000e\000s\000p\000o\000n\000s\000e}{section.7.5}% 122
\BOOKMARK [2][-]{subsection.7.5.6}{\376\377\000C\000D\000B\000\040\000B\000r\000o\000a\000d\000c\000a\000s\000t\000\040\000\050\000L\000o\000a\000d\000\051}{section.7.5}% 123
\BOOKMARK [1][-]{section.7.6}{\376\377\000S\000t\000o\000r\000e\000\040\000C\000o\000m\000m\000i\000t}{chapter.7}% 124
\BOOKMARK [1][-]{section.7.7}{\376\377\000E\000a\000g\000e\000r\000\040\000M\000i\000s\000p\000r\000e\000d\000i\000c\000t\000i\000o\000n\000\040\000F\000l\000u\000s\000h}{chapter.7}% 125
\BOOKMARK [1][-]{section.7.8}{\376\377\000M\000e\000m\000o\000r\000y\000\040\000I\000n\000t\000e\000r\000f\000a\000c\000e}{chapter.7}% 126
\BOOKMARK [2][-]{subsection.7.8.1}{\376\377\000B\000y\000t\000e\000\040\000E\000n\000a\000b\000l\000e\000\040\000H\000e\000s\000a\000p\000l\000a\000m\000a}{section.7.8}% 127
\BOOKMARK [2][-]{subsection.7.8.2}{\376\377\000L\000o\000a\000d\000\040\000D\000a\000t\000a\000\040\001\060\001\137\000l\000e\000m\000e}{section.7.8}% 128
\BOOKMARK [1][-]{section.7.9}{\376\377\000S\000t\000o\000r\000e\000-\000t\000o\000-\000L\000o\000a\000d\000\040\000F\000o\000r\000w\000a\000r\000d\000i\000n\000g}{chapter.7}% 129
\BOOKMARK [2][-]{subsection.7.9.1}{\376\377\000F\000o\000r\000w\000a\000r\000d\000i\000n\000g\000\040\000K\000o\001\137\000u\000l\000l\000a\000r\001\061}{section.7.9}% 130
\BOOKMARK [2][-]{subsection.7.9.2}{\376\377\000W\000a\000i\000t\000\040\000K\000o\001\137\000u\000l\000l\000a\000r\001\061}{section.7.9}% 131
\BOOKMARK [2][-]{subsection.7.9.3}{\376\377\000F\000o\000r\000w\000a\000r\000d\000i\000n\000g\000\040\000D\000a\000t\000a\000\040\000P\000a\000t\000h}{section.7.9}% 132
\BOOKMARK [1][-]{section.7.10}{\376\377\000S\000i\000n\000g\000l\000e\000\040\000P\000i\000p\000e\000\040\000M\000o\000d\000e}{chapter.7}% 133
\BOOKMARK [1][-]{section.7.11}{\376\377\000L\000S\000Q\000\040\000\326\000z\000e\000t\000i}{chapter.7}% 134
\BOOKMARK [0][-]{chapter.8}{\376\377\000P\000e\000r\000f\000o\000r\000m\000a\000n\000s\000\040\000A\000n\000a\000l\000i\000z\000i}{}% 135
\BOOKMARK [1][-]{section.8.1}{\376\377\000P\000e\000r\000f\000o\000r\000m\000a\000n\000s\000\040\000M\000e\000t\000r\000i\000k\000l\000e\000r\000i}{chapter.8}% 136
\BOOKMARK [2][-]{subsection.8.1.1}{\376\377\000I\000n\000s\000t\000r\000u\000c\000t\000i\000o\000n\000s\000\040\000P\000e\000r\000\040\000C\000y\000c\000l\000e\000\040\000\050\000I\000P\000C\000\051}{section.8.1}% 137
\BOOKMARK [2][-]{subsection.8.1.2}{\376\377\000S\000p\000e\000e\000d\000u\000p}{section.8.1}% 138
\BOOKMARK [1][-]{section.8.2}{\376\377\000P\000i\000p\000e\000l\000i\000n\000e\000\040\000S\000t\000a\000l\000l\000\040\000A\000n\000a\000l\000i\000z\000i}{chapter.8}% 139
\BOOKMARK [2][-]{subsection.8.2.1}{\376\377\000S\000t\000a\000l\000l\000\040\000K\000a\000y\000n\000a\000k\000l\000a\000r\001\061}{section.8.2}% 140
\BOOKMARK [2][-]{subsection.8.2.2}{\376\377\000O\000c\000c\000u\000p\000a\000n\000c\000y\000\040\000A\000n\000a\000l\000i\000z\000i}{section.8.2}% 141
\BOOKMARK [1][-]{section.8.3}{\376\377\000B\000r\000a\000n\000c\000h\000\040\000P\000r\000e\000d\000i\000c\000t\000i\000o\000n\000\040\000P\000e\000r\000f\000o\000r\000m\000a\000n\000s\001\061}{chapter.8}% 142
\BOOKMARK [2][-]{subsection.8.3.1}{\376\377\000M\000i\000s\000p\000r\000e\000d\000i\000c\000t\000i\000o\000n\000\040\000R\000a\000t\000e}{section.8.3}% 143
\BOOKMARK [2][-]{subsection.8.3.2}{\376\377\000M\000i\000s\000p\000r\000e\000d\000i\000c\000t\000i\000o\000n\000\040\000P\000e\000n\000a\000l\000t\000y}{section.8.3}% 144
\BOOKMARK [2][-]{subsection.8.3.3}{\376\377\000M\000i\000s\000p\000r\000e\000d\000i\000c\000t\000i\000o\000n\000\040\000E\000t\000k\000i\000s\000i}{section.8.3}% 145
\BOOKMARK [1][-]{section.8.4}{\376\377\000M\000e\000m\000o\000r\000y\000\040\000P\000e\000r\000f\000o\000r\000m\000a\000n\000s\001\061}{chapter.8}% 146
\BOOKMARK [2][-]{subsection.8.4.1}{\376\377\000M\000e\000m\000o\000r\000y\000\040\000A\000c\000c\000e\000s\000s\000\040\000P\000a\000t\000t\000e\000r\000n}{section.8.4}% 147
\BOOKMARK [2][-]{subsection.8.4.2}{\376\377\000L\000S\000Q\000\040\000P\000e\000r\000f\000o\000r\000m\000a\000n\000s\000\040\000E\000t\000k\000i\000s\000i}{section.8.4}% 148
\BOOKMARK [1][-]{section.8.5}{\376\377\000K\000a\000y\000n\000a\000k\000\040\000K\000u\000l\000l\000a\000n\001\061\000m\001\061}{chapter.8}% 149
\BOOKMARK [2][-]{subsection.8.5.1}{\376\377\000K\000r\000i\000t\000i\000k\000\040\000K\000a\000y\000n\000a\000k\000l\000a\000r}{section.8.5}% 150
\BOOKMARK [1][-]{section.8.6}{\376\377\000B\000e\000n\000c\000h\000m\000a\000r\000k\000\040\000S\000o\000n\000u\000\347\000l\000a\000r\001\061}{chapter.8}% 151
\BOOKMARK [2][-]{subsection.8.6.1}{\376\377\000T\000e\000s\000t\000\040\000P\000r\000o\000g\000r\000a\000m\000l\000a\000r\001\061}{section.8.6}% 152
\BOOKMARK [2][-]{subsection.8.6.2}{\376\377\000S\000p\000e\000e\000d\000u\000p\000\040\000A\000n\000a\000l\000i\000z\000i}{section.8.6}% 153
\BOOKMARK [1][-]{section.8.7}{\376\377\000P\000e\000r\000f\000o\000r\000m\000a\000n\000s\000\040\000O\000p\000t\000i\000m\000i\000z\000a\000s\000y\000o\000n\000\040\000\326\000n\000e\000r\000i\000l\000e\000r\000i}{chapter.8}% 154
\BOOKMARK [2][-]{subsection.8.7.1}{\376\377\000K\001\061\000s\000a\000\040\000V\000a\000d\000e\000l\000i\000\040\001\060\000y\000i\000l\000e\001\137\000t\000i\000r\000m\000e\000l\000e\000r}{section.8.7}% 155
\BOOKMARK [2][-]{subsection.8.7.2}{\376\377\000U\000z\000u\000n\000\040\000V\000a\000d\000e\000l\000i\000\040\001\060\000y\000i\000l\000e\001\137\000t\000i\000r\000m\000e\000l\000e\000r}{section.8.7}% 156
\BOOKMARK [1][-]{section.8.8}{\376\377\000P\000e\000r\000f\000o\000r\000m\000a\000n\000s\000\040\000\326\000z\000e\000t\000i}{chapter.8}% 157
\BOOKMARK [0][-]{chapter.9}{\376\377\000D\000o\001\037\000r\000u\000l\000a\000m\000a\000\040\000v\000e\000\040\000T\000e\000s\000t}{}% 158
\BOOKMARK [1][-]{section.9.1}{\376\377\000D\000o\001\037\000r\000u\000l\000a\000m\000a\000\040\000M\000e\000t\000o\000d\000o\000l\000o\000j\000i\000s\000i}{chapter.9}% 159
\BOOKMARK [2][-]{subsection.9.1.1}{\376\377\000D\000o\001\037\000r\000u\000l\000a\000m\000a\000\040\000S\000e\000v\000i\000y\000e\000l\000e\000r\000i}{section.9.1}% 160
\BOOKMARK [2][-]{subsection.9.1.2}{\376\377\000T\000e\000s\000t\000\040\000O\000r\000t\000a\000m\001\061}{section.9.1}% 161
\BOOKMARK [1][-]{section.9.2}{\376\377\000U\000n\000i\000t\000\040\000T\000e\000s\000t}{chapter.9}% 162
\BOOKMARK [2][-]{subsection.9.2.1}{\376\377\000R\000A\000T\000\040\000U\000n\000i\000t\000\040\000T\000e\000s\000t}{section.9.2}% 163
\BOOKMARK [2][-]{subsection.9.2.2}{\376\377\000B\000R\000A\000T\000\040\000U\000n\000i\000t\000\040\000T\000e\000s\000t}{section.9.2}% 164
\BOOKMARK [2][-]{subsection.9.2.3}{\376\377\000R\000e\000s\000e\000r\000v\000a\000t\000i\000o\000n\000\040\000S\000t\000a\000t\000i\000o\000n\000\040\000T\000e\000s\000t}{section.9.2}% 165
\BOOKMARK [1][-]{section.9.3}{\376\377\000I\000n\000t\000e\000g\000r\000a\000t\000i\000o\000n\000\040\000T\000e\000s\000t}{chapter.9}% 166
\BOOKMARK [2][-]{subsection.9.3.1}{\376\377\000P\000i\000p\000e\000l\000i\000n\000e\000\040\000I\000n\000t\000e\000g\000r\000a\000t\000i\000o\000n}{section.9.3}% 167
\BOOKMARK [2][-]{subsection.9.3.2}{\376\377\000H\000a\000z\000a\000r\000d\000\040\000I\000n\000t\000e\000g\000r\000a\000t\000i\000o\000n}{section.9.3}% 168
\BOOKMARK [1][-]{section.9.4}{\376\377\000S\000y\000s\000t\000e\000m\000\040\000T\000e\000s\000t}{chapter.9}% 169
\BOOKMARK [2][-]{subsection.9.4.1}{\376\377\000R\000I\000S\000C\000-\000V\000\040\000C\000o\000m\000p\000l\000i\000a\000n\000c\000e\000\040\000T\000e\000s\000t}{section.9.4}% 170
\BOOKMARK [2][-]{subsection.9.4.2}{\376\377\000B\000e\000n\000c\000h\000m\000a\000r\000k\000\040\000T\000e\000s\000t\000l\000e\000r\000i}{section.9.4}% 171
\BOOKMARK [1][-]{section.9.5}{\376\377\000M\000i\000s\000p\000r\000e\000d\000i\000c\000t\000i\000o\000n\000\040\000T\000e\000s\000t}{chapter.9}% 172
\BOOKMARK [1][-]{section.9.6}{\376\377\000S\000t\000r\000e\000s\000s\000\040\000T\000e\000s\000t}{chapter.9}% 173
\BOOKMARK [2][-]{subsection.9.6.1}{\376\377\000R\000e\000s\000o\000u\000r\000c\000e\000\040\000E\000x\000h\000a\000u\000s\000t\000i\000o\000n}{section.9.6}% 174
\BOOKMARK [2][-]{subsection.9.6.2}{\376\377\000C\000o\000r\000n\000e\000r\000\040\000C\000a\000s\000e\000\040\000T\000e\000s\000t}{section.9.6}% 175
\BOOKMARK [1][-]{section.9.7}{\376\377\000T\000r\000a\000c\000e\000r\000\040\000A\000l\000t\000y\000a\000p\001\061\000s\001\061}{chapter.9}% 176
\BOOKMARK [1][-]{section.9.8}{\376\377\000R\000e\000g\000r\000e\000s\000s\000i\000o\000n\000\040\000T\000e\000s\000t}{chapter.9}% 177
\BOOKMARK [1][-]{section.9.9}{\376\377\000D\000o\001\037\000r\000u\000l\000a\000m\000a\000\040\000\326\000z\000e\000t\000i}{chapter.9}% 178
\BOOKMARK [0][-]{chapter.10}{\376\377\000S\000o\000n\000u\000\347\000\040\000v\000e\000\040\000G\000e\000l\000e\000c\000e\000k\000\040\000\307\000a\000l\001\061\001\137\000m\000a\000l\000a\000r}{}% 179
\BOOKMARK [1][-]{section.10.1}{\376\377\000S\000o\000n\000u\000\347}{chapter.10}% 180
\BOOKMARK [2][-]{subsection.10.1.1}{\376\377\000B\000a\001\137\000a\000r\001\061\000l\000a\000n\000\040\000H\000e\000d\000e\000f\000l\000e\000r}{section.10.1}% 181
\BOOKMARK [2][-]{subsection.10.1.2}{\376\377\000T\000e\000k\000n\000i\000k\000\040\000K\000a\000t\000k\001\061\000l\000a\000r}{section.10.1}% 182
\BOOKMARK [2][-]{subsection.10.1.3}{\376\377\000P\000e\000r\000f\000o\000r\000m\000a\000n\000s\000\040\000S\000o\000n\000u\000\347\000l\000a\000r\001\061}{section.10.1}% 183
\BOOKMARK [1][-]{section.10.2}{\376\377\000K\000a\000r\001\137\001\061\000l\000a\001\137\001\061\000l\000a\000n\000\040\000Z\000o\000r\000l\000u\000k\000l\000a\000r}{chapter.10}% 184
\BOOKMARK [1][-]{section.10.3}{\376\377\000G\000e\000l\000e\000c\000e\000k\000\040\000\307\000a\000l\001\061\001\137\000m\000a\000l\000a\000r}{chapter.10}% 185
\BOOKMARK [2][-]{subsection.10.3.1}{\376\377\000K\001\061\000s\000a\000\040\000V\000a\000d\000e\000l\000i\000\040\001\060\000y\000i\000l\000e\001\137\000t\000i\000r\000m\000e\000l\000e\000r}{section.10.3}% 186
\BOOKMARK [2][-]{subsection.10.3.2}{\376\377\000O\000r\000t\000a\000\040\000V\000a\000d\000e\000l\000i\000\040\001\060\000y\000i\000l\000e\001\137\000t\000i\000r\000m\000e\000l\000e\000r}{section.10.3}% 187
\BOOKMARK [2][-]{subsection.10.3.3}{\376\377\000U\000z\000u\000n\000\040\000V\000a\000d\000e\000l\000i\000\040\000H\000e\000d\000e\000f\000l\000e\000r}{section.10.3}% 188
\BOOKMARK [1][-]{section.10.4}{\376\377\000\326\001\037\000r\000e\000n\000i\000l\000e\000n\000\040\000D\000e\000r\000s\000l\000e\000r}{chapter.10}% 189
\BOOKMARK [1][-]{section.10.5}{\376\377\000S\000o\000n\000\040\000S\000\366\000z}{chapter.10}% 190
